#
# There is insufficient memory for the Java Runtime Environment to continue.
# Native memory allocation (malloc) failed to allocate 1274336 bytes for Chunk::new
# Possible reasons:
#   The system is out of physical RAM or swap space
#   The process is running with CompressedOops enabled, and the Java Heap may be blocking the growth of the native heap
# Possible solutions:
#   Reduce memory load on the system
#   Increase physical memory or swap space
#   Check if swap backing store is full
#   Decrease Java heap size (-Xmx/-Xms)
#   Decrease number of Java threads
#   Decrease Java thread stack sizes (-Xss)
#   Set larger code cache with -XX:ReservedCodeCacheSize=
#   JVM is running with Unscaled Compressed Oops mode in which the Java heap is
#     placed in the first 4GB address space. The Java Heap base address is the
#     maximum limit for the native heap growth. Please use -XX:HeapBaseMinAddress
#     to set the Java Heap base and to place the Java Heap above 4GB virtual address.
# This output file may be truncated or incomplete.
#
#  Out of Memory Error (./src/hotspot/share/memory/arena.cpp:197), pid=16092, tid=19780
#
# JRE version: OpenJDK Runtime Environment (11.0.13) (build 11.0.13+0-b1751.21-8125866)
# Java VM: OpenJDK 64-Bit Server VM (11.0.13+0-b1751.21-8125866, mixed mode, tiered, compressed oops, g1 gc, windows-amd64)
# No core dump will be written. Minidumps are not enabled by default on client versions of Windows
#

---------------  S U M M A R Y ------------

Command Line: --add-opens=java.base/java.util=ALL-UNNAMED --add-opens=java.base/java.lang=ALL-UNNAMED --add-opens=java.base/java.lang.invoke=ALL-UNNAMED --add-opens=java.prefs/java.util.prefs=ALL-UNNAMED -Xmx2048m -Dfile.encoding=UTF-8 -Duser.country=US -Duser.language=en -Duser.variant org.gradle.launcher.daemon.bootstrap.GradleDaemon 6.5

Host: AMD Ryzen 5 5500U with Radeon Graphics         , 12 cores, 5G,  Windows 11 , 64 bit Build 25267 (10.0.25267.1000)
Time: Fri Dec 30 15:26:08 2022 SE Asia Standard Time elapsed time: 3479.875565 seconds (0d 0h 57m 59s)

---------------  T H R E A D  ---------------

Current thread (0x000002c9c6819000):  JavaThread "C2 CompilerThread0" daemon [_thread_in_native, id=19780, stack(0x000000d2c5600000,0x000000d2c5700000)]


Current CompileTask:
C2:3479875 26872   !   4       org.gradle.api.internal.artifacts.ivyservice.resolveengine.artifact.ArtifactBackedResolvedVariant$DownloadArtifactFile::run (50 bytes)

Stack: [0x000000d2c5600000,0x000000d2c5700000]
Native frames: (J=compiled Java code, j=interpreted, Vv=VM code, C=native code)
V  [jvm.dll+0x6100fa]
V  [jvm.dll+0x747090]
V  [jvm.dll+0x7486ad]
V  [jvm.dll+0x748d83]
V  [jvm.dll+0x24ab48]
V  [jvm.dll+0xc04dc]
V  [jvm.dll+0xc0a0c]
V  [jvm.dll+0x2bfab4]
V  [jvm.dll+0x524238]
V  [jvm.dll+0x204802]
V  [jvm.dll+0x2023c2]
V  [jvm.dll+0x188e01]
V  [jvm.dll+0x21106b]
V  [jvm.dll+0x20f8c1]
V  [jvm.dll+0x70de0f]
V  [jvm.dll+0x706a75]
V  [jvm.dll+0x60ed66]
C  [ucrtbase.dll+0x2b11b]
C  [KERNEL32.DLL+0x13d2d]
C  [ntdll.dll+0x4d838]


---------------  P R O C E S S  ---------------

Threads class SMR info:
_java_thread_list=0x000002c9cab06dc0, length=158, elements={
0x000002c9ab5b8800, 0x000002c9c5e9a000, 0x000002c9c5ea5000, 0x000002c9c6812800,
0x000002c9c6813800, 0x000002c9c6815800, 0x000002c9c6819000, 0x000002c9c681c800,
0x000002c9c6820800, 0x000002c9c6990000, 0x000002c9c7a30800, 0x000002c9c804d800,
0x000002c9c86ee800, 0x000002c9c7657800, 0x000002c9c7656000, 0x000002c9c7656800,
0x000002c9c8df9800, 0x000002c9c8dfb000, 0x000002c9ccc61800, 0x000002c9d2700800,
0x000002c9d0631000, 0x000002c9d063c800, 0x000002c9d063a000, 0x000002c9d063e000,
0x000002c9d0638800, 0x000002c9d2703000, 0x000002c9d2705000, 0x000002c9d2715000,
0x000002c9d2713800, 0x000002c9d2710800, 0x000002c9d271b000, 0x000002c9d271a000,
0x000002c9d271c800, 0x000002c9d271b800, 0x000002c9d2717000, 0x000002c9d271d800,
0x000002c9d2718800, 0x000002c9d2719000, 0x000002c9d2717800, 0x000002c9d271e000,
0x000002c9d271f000, 0x000002c9d2720000, 0x000002c9ccc66800, 0x000002c9ccc65800,
0x000002c9ccc62800, 0x000002c9ccc60800, 0x000002c9ccc64000, 0x000002c9ccc67000,
0x000002c9ccc68000, 0x000002c9ccc69000, 0x000002c9ccc63000, 0x000002c9ccc69800,
0x000002c9ccc6a800, 0x000002c9ccc65000, 0x000002c9ccc6e000, 0x000002c9ccc6b800,
0x000002c9ccc6e800, 0x000002c9ccc6f800, 0x000002c9ccc6d000, 0x000002c9ccc6c000,
0x000002c9cd7bc800, 0x000002c9cd7bc000, 0x000002c9cd7bb000, 0x000002c9cd7bf000,
0x000002c9cd7be800, 0x000002c9cd7bd800, 0x000002c9cd7c0000, 0x000002c9cd7ba800,
0x000002c9cd7c1000, 0x000002c9cd7c5800, 0x000002c9cd7c1800, 0x000002c9cd7c2800,
0x000002c9cd7c4000, 0x000002c9cd7c6800, 0x000002c9cd7c7800, 0x000002c9cd7c8000,
0x000002c9cd7c9000, 0x000002c9cd7c3000, 0x000002c9c8df3800, 0x000002c9c8df4800,
0x000002c9c8df5800, 0x000002c9c8df8800, 0x000002c9c8df3000, 0x000002c9c8df7000,
0x000002c9c8dfa800, 0x000002c9c8dfc000, 0x000002c9c8df6000, 0x000002c9c8e01800,
0x000002c9c8dff000, 0x000002c9c8dfe800, 0x000002c9c8e00000, 0x000002c9c8e01000,
0x000002c9c8dfc800, 0x000002c9d0633800, 0x000002c9d0630000, 0x000002c9d0632000,
0x000002c9d0635000, 0x000002c9d0636000, 0x000002c9d0636800, 0x000002c9d0637800,
0x000002c9d0632800, 0x000002c9d0634000, 0x000002c9d063f000, 0x000002c9d063d000,
0x000002c9d063b000, 0x000002c9d0639000, 0x000002c9d063b800, 0x000002c9cc01a800,
0x000002c9cc019000, 0x000002c9cc01e000, 0x000002c9cc01c000, 0x000002c9cc01b800,
0x000002c9cc01d000, 0x000002c9cc01e800, 0x000002c9cc01f800, 0x000002c9c7655000,
0x000002c9cc509000, 0x000002c9cc507000, 0x000002c9cc508000, 0x000002c9d137d000,
0x000002c9d1380000, 0x000002c9d1382000, 0x000002c9d1388800, 0x000002c9d137a800,
0x000002c9d1379800, 0x000002c9d1381000, 0x000002c9d137f800, 0x000002c9d137e000,
0x000002c9d137b800, 0x000002c9d137c000, 0x000002c9d1382800, 0x000002c9d1383800,
0x000002c9d1384800, 0x000002c9d137e800, 0x000002c9d1385000, 0x000002c9d1386800,
0x000002c9d1387800, 0x000002c9d2701800, 0x000002c9d2702800, 0x000002c9d2707800,
0x000002c9d2708000, 0x000002c9d2709800, 0x000002c9d2705800, 0x000002c9d2709000,
0x000002c9d2706800, 0x000002c9d2704000, 0x000002c9d270a800, 0x000002c9d270f800,
0x000002c9d270b800, 0x000002c9d270c000, 0x000002c9d2712000, 0x000002c9d2711000,
0x000002c9d270e000, 0x000002c9d2712800, 0x000002c9d270d000, 0x000002c9d270e800,
0x000002c9d2716000, 0x000002c9d2714800
}
_to_delete_list=0x000002c9c83849a0, length=156, elements={
0x000002c9ab5b8800, 0x000002c9c5e9a000, 0x000002c9c5ea5000, 0x000002c9c6812800,
0x000002c9c6813800, 0x000002c9c6815800, 0x000002c9c6819000, 0x000002c9c681c800,
0x000002c9c6820800, 0x000002c9c6990000, 0x000002c9c7a30800, 0x000002c9c804d800,
0x000002c9c86ee800, 0x000002c9c7657800, 0x000002c9c7656000, 0x000002c9c7656800,
0x000002c9c8df9800, 0x000002c9c8dfb000, 0x000002c9ccc61800, 0x000002c9d2700800,
0x000002c9d0631000, 0x000002c9d063c800, 0x000002c9d063a000, 0x000002c9d063e000,
0x000002c9d0638800, 0x000002c9d2703000, 0x000002c9d2705000, 0x000002c9d2715000,
0x000002c9d2713800, 0x000002c9d2710800, 0x000002c9d271b000, 0x000002c9d271a000,
0x000002c9d271c800, 0x000002c9d271b800, 0x000002c9d2717000, 0x000002c9d271d800,
0x000002c9d2718800, 0x000002c9d2719000, 0x000002c9d2717800, 0x000002c9d271e000,
0x000002c9d271f000, 0x000002c9d2720000, 0x000002c9ccc66800, 0x000002c9ccc65800,
0x000002c9ccc62800, 0x000002c9ccc60800, 0x000002c9ccc64000, 0x000002c9ccc67000,
0x000002c9ccc68000, 0x000002c9ccc69000, 0x000002c9ccc63000, 0x000002c9ccc69800,
0x000002c9ccc6a800, 0x000002c9ccc65000, 0x000002c9ccc6e000, 0x000002c9ccc6b800,
0x000002c9ccc6e800, 0x000002c9ccc6f800, 0x000002c9ccc6d000, 0x000002c9ccc6c000,
0x000002c9cd7bc800, 0x000002c9cd7bc000, 0x000002c9cd7bb000, 0x000002c9cd7bf000,
0x000002c9cd7be800, 0x000002c9cd7bd800, 0x000002c9cd7c0000, 0x000002c9cd7ba800,
0x000002c9cd7c1000, 0x000002c9cd7c5800, 0x000002c9cd7c1800, 0x000002c9cd7c2800,
0x000002c9cd7c4000, 0x000002c9cd7c6800, 0x000002c9cd7c7800, 0x000002c9cd7c8000,
0x000002c9cd7c9000, 0x000002c9cd7c3000, 0x000002c9c8df3800, 0x000002c9c8df4800,
0x000002c9c8df5800, 0x000002c9c8df8800, 0x000002c9c8df3000, 0x000002c9c8df7000,
0x000002c9c8dfa800, 0x000002c9c8dfc000, 0x000002c9c8df6000, 0x000002c9c8e01800,
0x000002c9c8dff000, 0x000002c9c8dfe800, 0x000002c9c8e00000, 0x000002c9c8e01000,
0x000002c9c8dfc800, 0x000002c9d0633800, 0x000002c9d0630000, 0x000002c9d0632000,
0x000002c9d0635000, 0x000002c9d0636000, 0x000002c9d0636800, 0x000002c9d0637800,
0x000002c9d0632800, 0x000002c9d0634000, 0x000002c9d063f000, 0x000002c9d063d000,
0x000002c9d063b000, 0x000002c9d0639000, 0x000002c9d063b800, 0x000002c9cc01a800,
0x000002c9cc019000, 0x000002c9cc01e000, 0x000002c9cc01c000, 0x000002c9cc01b800,
0x000002c9cc01d000, 0x000002c9cc01e800, 0x000002c9cc01f800, 0x000002c9c7655000,
0x000002c9cc509000, 0x000002c9cc507000, 0x000002c9cc508000, 0x000002c9d137d000,
0x000002c9d1380000, 0x000002c9d1382000, 0x000002c9d1388800, 0x000002c9d137a800,
0x000002c9d1379800, 0x000002c9d1381000, 0x000002c9d137f800, 0x000002c9d137e000,
0x000002c9d137b800, 0x000002c9d137c000, 0x000002c9d1382800, 0x000002c9d1383800,
0x000002c9d1384800, 0x000002c9d137e800, 0x000002c9d1385000, 0x000002c9d1386800,
0x000002c9d1387800, 0x000002c9d2701800, 0x000002c9d2702800, 0x000002c9d2707800,
0x000002c9d2708000, 0x000002c9d2709800, 0x000002c9d2705800, 0x000002c9d2709000,
0x000002c9d2706800, 0x000002c9d2704000, 0x000002c9d270a800, 0x000002c9d270f800,
0x000002c9d270b800, 0x000002c9d2712000, 0x000002c9d270e000, 0x000002c9d2712800,
0x000002c9d270d000, 0x000002c9d270e800, 0x000002c9d2716000, 0x000002c9d2714800
}

[error occurred during error reporting (printing all threads), id 0xc0000005, EXCEPTION_ACCESS_VIOLATION (0xc0000005) at pc=0x00007ffab9801f77]

VM state:at safepoint (normal execution)

VM Mutex/Monitor currently owned by a thread:  ([mutex/lock_event])
[0x000002c9ab5b5bb0] Threads_lock - owner thread: 0x000002c9c5e97800

OutOfMemory and StackOverflow Exception counts:
OutOfMemoryError java_heap_errors=1
LinkageErrors=240

Heap address: 0x0000000080000000, size: 2048 MB, Compressed Oops mode: 32-bit
Narrow klass base: 0x0000000000000000, Narrow klass shift: 3
Compressed class space size: 1073741824 Address: 0x0000000100000000

Heap:
 garbage-first heap   total 428032K, used 348865K [0x0000000080000000, 0x0000000100000000)
  region size 1024K, 131 young (134144K), 9 survivors (9216K)
 Metaspace       used 131792K, capacity 136139K, committed 136236K, reserved 1167360K
  class space    used 15928K, capacity 17478K, committed 17536K, reserved 1048576K
Heap Regions: E=young(eden), S=young(survivor), O=old, HS=humongous(starts), HC=humongous(continues), CS=collection set, F=free, A=archive, TAMS=top-at-mark-start (previous, next)
|   0|0x0000000080000000, 0x0000000080100000, 0x0000000080100000|100%| O|  |TAMS 0x0000000080100000, 0x0000000080000000| Untracked 
|   1|0x0000000080100000, 0x0000000080200000, 0x0000000080200000|100%| O|  |TAMS 0x0000000080200000, 0x0000000080100000| Untracked 
|   2|0x0000000080200000, 0x0000000080300000, 0x0000000080300000|100%|HS|  |TAMS 0x0000000080300000, 0x0000000080200000| Complete 
|   3|0x0000000080300000, 0x0000000080400000, 0x0000000080400000|100%|HS|  |TAMS 0x0000000080400000, 0x0000000080300000| Complete 
|   4|0x0000000080400000, 0x0000000080500000, 0x0000000080500000|100%|HC|  |TAMS 0x0000000080500000, 0x0000000080400000| Complete 
|   5|0x0000000080500000, 0x0000000080600000, 0x0000000080600000|100%|HC|  |TAMS 0x0000000080600000, 0x0000000080500000| Complete 
|   6|0x0000000080600000, 0x0000000080700000, 0x0000000080700000|100%| O|  |TAMS 0x0000000080700000, 0x0000000080600000| Untracked 
|   7|0x0000000080700000, 0x0000000080800000, 0x0000000080800000|100%| O|  |TAMS 0x0000000080800000, 0x0000000080700000| Untracked 
|   8|0x0000000080800000, 0x0000000080900000, 0x0000000080900000|100%| O|  |TAMS 0x0000000080900000, 0x0000000080800000| Untracked 
|   9|0x0000000080900000, 0x0000000080a00000, 0x0000000080a00000|100%| O|  |TAMS 0x0000000080a00000, 0x0000000080900000| Untracked 
|  10|0x0000000080a00000, 0x0000000080b00000, 0x0000000080b00000|100%| O|  |TAMS 0x0000000080b00000, 0x0000000080a00000| Untracked 
|  11|0x0000000080b00000, 0x0000000080c00000, 0x0000000080c00000|100%| O|  |TAMS 0x0000000080c00000, 0x0000000080b00000| Untracked 
|  12|0x0000000080c00000, 0x0000000080d00000, 0x0000000080d00000|100%| O|  |TAMS 0x0000000080d00000, 0x0000000080c00000| Untracked 
|  13|0x0000000080d00000, 0x0000000080e00000, 0x0000000080e00000|100%| O|  |TAMS 0x0000000080e00000, 0x0000000080d00000| Untracked 
|  14|0x0000000080e00000, 0x0000000080f00000, 0x0000000080f00000|100%| O|  |TAMS 0x0000000080f00000, 0x0000000080e00000| Untracked 
|  15|0x0000000080f00000, 0x0000000081000000, 0x0000000081000000|100%| O|  |TAMS 0x0000000081000000, 0x0000000080f00000| Untracked 
|  16|0x0000000081000000, 0x0000000081100000, 0x0000000081100000|100%|HS|  |TAMS 0x0000000081100000, 0x0000000081000000| Complete 
|  17|0x0000000081100000, 0x0000000081200000, 0x0000000081200000|100%|HC|  |TAMS 0x0000000081200000, 0x0000000081100000| Complete 
|  18|0x0000000081200000, 0x0000000081300000, 0x0000000081300000|100%|HS|  |TAMS 0x0000000081300000, 0x0000000081200000| Complete 
|  19|0x0000000081300000, 0x0000000081400000, 0x0000000081400000|100%|HC|  |TAMS 0x0000000081400000, 0x0000000081300000| Complete 
|  20|0x0000000081400000, 0x0000000081500000, 0x0000000081500000|100%|HC|  |TAMS 0x0000000081500000, 0x0000000081400000| Complete 
|  21|0x0000000081500000, 0x0000000081600000, 0x0000000081600000|100%|HS|  |TAMS 0x0000000081600000, 0x0000000081500000| Complete 
|  22|0x0000000081600000, 0x0000000081700000, 0x0000000081700000|100%|HC|  |TAMS 0x0000000081700000, 0x0000000081600000| Complete 
|  23|0x0000000081700000, 0x0000000081800000, 0x0000000081800000|100%|HC|  |TAMS 0x0000000081800000, 0x0000000081700000| Complete 
|  24|0x0000000081800000, 0x0000000081900000, 0x0000000081900000|100%|HS|  |TAMS 0x0000000081900000, 0x0000000081800000| Complete 
|  25|0x0000000081900000, 0x0000000081a00000, 0x0000000081a00000|100%|HC|  |TAMS 0x0000000081a00000, 0x0000000081900000| Complete 
|  26|0x0000000081a00000, 0x0000000081b00000, 0x0000000081b00000|100%|HC|  |TAMS 0x0000000081b00000, 0x0000000081a00000| Complete 
|  27|0x0000000081b00000, 0x0000000081c00000, 0x0000000081c00000|100%|HC|  |TAMS 0x0000000081c00000, 0x0000000081b00000| Complete 
|  28|0x0000000081c00000, 0x0000000081d00000, 0x0000000081d00000|100%|HC|  |TAMS 0x0000000081d00000, 0x0000000081c00000| Complete 
|  29|0x0000000081d00000, 0x0000000081e00000, 0x0000000081e00000|100%|HS|  |TAMS 0x0000000081e00000, 0x0000000081d00000| Complete 
|  30|0x0000000081e00000, 0x0000000081f00000, 0x0000000081f00000|100%|HC|  |TAMS 0x0000000081f00000, 0x0000000081e00000| Complete 
|  31|0x0000000081f00000, 0x0000000082000000, 0x0000000082000000|100%|HC|  |TAMS 0x0000000082000000, 0x0000000081f00000| Complete 
|  32|0x0000000082000000, 0x0000000082100000, 0x0000000082100000|100%|HC|  |TAMS 0x0000000082100000, 0x0000000082000000| Complete 
|  33|0x0000000082100000, 0x0000000082200000, 0x0000000082200000|100%| O|  |TAMS 0x0000000082200000, 0x0000000082100000| Untracked 
|  34|0x0000000082200000, 0x0000000082300000, 0x0000000082300000|100%| O|  |TAMS 0x0000000082300000, 0x0000000082200000| Untracked 
|  35|0x0000000082300000, 0x0000000082400000, 0x0000000082400000|100%| O|  |TAMS 0x0000000082400000, 0x0000000082300000| Untracked 
|  36|0x0000000082400000, 0x0000000082500000, 0x0000000082500000|100%| O|  |TAMS 0x0000000082500000, 0x0000000082400000| Untracked 
|  37|0x0000000082500000, 0x0000000082600000, 0x0000000082600000|100%| O|  |TAMS 0x0000000082600000, 0x0000000082500000| Untracked 
|  38|0x0000000082600000, 0x0000000082700000, 0x0000000082700000|100%| O|  |TAMS 0x0000000082700000, 0x0000000082600000| Untracked 
|  39|0x0000000082700000, 0x0000000082800000, 0x0000000082800000|100%| O|  |TAMS 0x0000000082800000, 0x0000000082700000| Untracked 
|  40|0x0000000082800000, 0x0000000082900000, 0x0000000082900000|100%| O|  |TAMS 0x0000000082900000, 0x0000000082800000| Untracked 
|  41|0x0000000082900000, 0x0000000082a00000, 0x0000000082a00000|100%| O|  |TAMS 0x0000000082a00000, 0x0000000082900000| Untracked 
|  42|0x0000000082a00000, 0x0000000082b00000, 0x0000000082b00000|100%| O|  |TAMS 0x0000000082b00000, 0x0000000082a00000| Untracked 
|  43|0x0000000082b00000, 0x0000000082c00000, 0x0000000082c00000|100%| O|  |TAMS 0x0000000082c00000, 0x0000000082b00000| Untracked 
|  44|0x0000000082c00000, 0x0000000082d00000, 0x0000000082d00000|100%| O|  |TAMS 0x0000000082d00000, 0x0000000082c00000| Untracked 
|  45|0x0000000082d00000, 0x0000000082e00000, 0x0000000082e00000|100%| O|  |TAMS 0x0000000082e00000, 0x0000000082d00000| Untracked 
|  46|0x0000000082e00000, 0x0000000082f00000, 0x0000000082f00000|100%| O|  |TAMS 0x0000000082f00000, 0x0000000082e00000| Untracked 
|  47|0x0000000082f00000, 0x0000000083000000, 0x0000000083000000|100%| O|  |TAMS 0x0000000083000000, 0x0000000082f00000| Untracked 
|  48|0x0000000083000000, 0x0000000083100000, 0x0000000083100000|100%|HS|  |TAMS 0x0000000083100000, 0x0000000083000000| Complete 
|  49|0x0000000083100000, 0x0000000083200000, 0x0000000083200000|100%|HS|  |TAMS 0x0000000083200000, 0x0000000083100000| Complete 
|  50|0x0000000083200000, 0x0000000083300000, 0x0000000083300000|100%|HC|  |TAMS 0x0000000083300000, 0x0000000083200000| Complete 
|  51|0x0000000083300000, 0x0000000083400000, 0x0000000083400000|100%| O|  |TAMS 0x0000000083400000, 0x0000000083300000| Untracked 
|  52|0x0000000083400000, 0x0000000083500000, 0x0000000083500000|100%| O|  |TAMS 0x0000000083500000, 0x0000000083400000| Untracked 
|  53|0x0000000083500000, 0x0000000083600000, 0x0000000083600000|100%| O|  |TAMS 0x0000000083600000, 0x0000000083500000| Untracked 
|  54|0x0000000083600000, 0x0000000083700000, 0x0000000083700000|100%| O|  |TAMS 0x0000000083700000, 0x0000000083600000| Untracked 
|  55|0x0000000083700000, 0x0000000083800000, 0x0000000083800000|100%| O|  |TAMS 0x0000000083800000, 0x0000000083700000| Untracked 
|  56|0x0000000083800000, 0x0000000083900000, 0x0000000083900000|100%| O|  |TAMS 0x0000000083900000, 0x0000000083800000| Untracked 
|  57|0x0000000083900000, 0x0000000083a00000, 0x0000000083a00000|100%| O|  |TAMS 0x0000000083a00000, 0x0000000083900000| Untracked 
|  58|0x0000000083a00000, 0x0000000083b00000, 0x0000000083b00000|100%| O|  |TAMS 0x0000000083b00000, 0x0000000083a00000| Untracked 
|  59|0x0000000083b00000, 0x0000000083c00000, 0x0000000083c00000|100%| O|  |TAMS 0x0000000083c00000, 0x0000000083b00000| Untracked 
|  60|0x0000000083c00000, 0x0000000083d00000, 0x0000000083d00000|100%| O|  |TAMS 0x0000000083d00000, 0x0000000083c00000| Untracked 
|  61|0x0000000083d00000, 0x0000000083e00000, 0x0000000083e00000|100%| O|  |TAMS 0x0000000083e00000, 0x0000000083d00000| Untracked 
|  62|0x0000000083e00000, 0x0000000083f00000, 0x0000000083f00000|100%| O|  |TAMS 0x0000000083f00000, 0x0000000083e00000| Untracked 
|  63|0x0000000083f00000, 0x0000000084000000, 0x0000000084000000|100%| O|  |TAMS 0x0000000084000000, 0x0000000083f00000| Untracked 
|  64|0x0000000084000000, 0x0000000084100000, 0x0000000084100000|100%| O|  |TAMS 0x0000000084100000, 0x0000000084000000| Untracked 
|  65|0x0000000084100000, 0x0000000084200000, 0x0000000084200000|100%| O|  |TAMS 0x0000000084200000, 0x0000000084100000| Untracked 
|  66|0x0000000084200000, 0x0000000084300000, 0x0000000084300000|100%| O|  |TAMS 0x0000000084300000, 0x0000000084200000| Untracked 
|  67|0x0000000084300000, 0x0000000084400000, 0x0000000084400000|100%| O|  |TAMS 0x0000000084400000, 0x0000000084300000| Untracked 
|  68|0x0000000084400000, 0x0000000084500000, 0x0000000084500000|100%| O|  |TAMS 0x0000000084500000, 0x0000000084400000| Untracked 
|  69|0x0000000084500000, 0x0000000084600000, 0x0000000084600000|100%| O|  |TAMS 0x0000000084600000, 0x0000000084500000| Untracked 
|  70|0x0000000084600000, 0x0000000084700000, 0x0000000084700000|100%| O|  |TAMS 0x0000000084700000, 0x0000000084600000| Untracked 
|  71|0x0000000084700000, 0x0000000084800000, 0x0000000084800000|100%| O|  |TAMS 0x0000000084800000, 0x0000000084700000| Untracked 
|  72|0x0000000084800000, 0x0000000084900000, 0x0000000084900000|100%|HS|  |TAMS 0x0000000084900000, 0x0000000084800000| Complete 
|  73|0x0000000084900000, 0x0000000084a00000, 0x0000000084a00000|100%|HC|  |TAMS 0x0000000084a00000, 0x0000000084900000| Complete 
|  74|0x0000000084a00000, 0x0000000084b00000, 0x0000000084b00000|100%|HS|  |TAMS 0x0000000084b00000, 0x0000000084a00000| Complete 
|  75|0x0000000084b00000, 0x0000000084c00000, 0x0000000084c00000|100%|HC|  |TAMS 0x0000000084c00000, 0x0000000084b00000| Complete 
|  76|0x0000000084c00000, 0x0000000084d00000, 0x0000000084d00000|100%|HC|  |TAMS 0x0000000084d00000, 0x0000000084c00000| Complete 
|  77|0x0000000084d00000, 0x0000000084e00000, 0x0000000084e00000|100%|HS|  |TAMS 0x0000000084e00000, 0x0000000084d00000| Complete 
|  78|0x0000000084e00000, 0x0000000084f00000, 0x0000000084f00000|100%|HC|  |TAMS 0x0000000084f00000, 0x0000000084e00000| Complete 
|  79|0x0000000084f00000, 0x0000000085000000, 0x0000000085000000|100%|HC|  |TAMS 0x0000000085000000, 0x0000000084f00000| Complete 
|  80|0x0000000085000000, 0x0000000085100000, 0x0000000085100000|100%|HS|  |TAMS 0x0000000085100000, 0x0000000085000000| Complete 
|  81|0x0000000085100000, 0x0000000085200000, 0x0000000085200000|100%|HC|  |TAMS 0x0000000085200000, 0x0000000085100000| Complete 
|  82|0x0000000085200000, 0x0000000085300000, 0x0000000085300000|100%|HC|  |TAMS 0x0000000085300000, 0x0000000085200000| Complete 
|  83|0x0000000085300000, 0x0000000085400000, 0x0000000085400000|100%|HC|  |TAMS 0x0000000085400000, 0x0000000085300000| Complete 
|  84|0x0000000085400000, 0x0000000085500000, 0x0000000085500000|100%|HC|  |TAMS 0x0000000085500000, 0x0000000085400000| Complete 
|  85|0x0000000085500000, 0x0000000085600000, 0x0000000085600000|100%|HS|  |TAMS 0x0000000085600000, 0x0000000085500000| Complete 
|  86|0x0000000085600000, 0x0000000085700000, 0x0000000085700000|100%|HS|  |TAMS 0x0000000085700000, 0x0000000085600000| Complete 
|  87|0x0000000085700000, 0x0000000085800000, 0x0000000085800000|100%|HC|  |TAMS 0x0000000085800000, 0x0000000085700000| Complete 
|  88|0x0000000085800000, 0x0000000085900000, 0x0000000085900000|100%|HC|  |TAMS 0x0000000085900000, 0x0000000085800000| Complete 
|  89|0x0000000085900000, 0x0000000085a00000, 0x0000000085a00000|100%|HC|  |TAMS 0x0000000085a00000, 0x0000000085900000| Complete 
|  90|0x0000000085a00000, 0x0000000085b00000, 0x0000000085b00000|100%| O|  |TAMS 0x0000000085b00000, 0x0000000085a00000| Untracked 
|  91|0x0000000085b00000, 0x0000000085c00000, 0x0000000085c00000|100%| O|  |TAMS 0x0000000085c00000, 0x0000000085b00000| Untracked 
|  92|0x0000000085c00000, 0x0000000085d00000, 0x0000000085d00000|100%| O|  |TAMS 0x0000000085d00000, 0x0000000085c00000| Untracked 
|  93|0x0000000085d00000, 0x0000000085e00000, 0x0000000085e00000|100%| O|  |TAMS 0x0000000085e00000, 0x0000000085d00000| Untracked 
|  94|0x0000000085e00000, 0x0000000085f00000, 0x0000000085f00000|100%| O|  |TAMS 0x0000000085f00000, 0x0000000085e00000| Untracked 
|  95|0x0000000085f00000, 0x0000000086000000, 0x0000000086000000|100%| O|  |TAMS 0x0000000086000000, 0x0000000085f00000| Untracked 
|  96|0x0000000086000000, 0x0000000086100000, 0x0000000086100000|100%| O|  |TAMS 0x0000000086100000, 0x0000000086000000| Untracked 
|  97|0x0000000086100000, 0x0000000086200000, 0x0000000086200000|100%| O|  |TAMS 0x0000000086200000, 0x0000000086100000| Untracked 
|  98|0x0000000086200000, 0x0000000086300000, 0x0000000086300000|100%| O|  |TAMS 0x0000000086300000, 0x0000000086200000| Untracked 
|  99|0x0000000086300000, 0x0000000086400000, 0x0000000086400000|100%| O|  |TAMS 0x0000000086400000, 0x0000000086300000| Untracked 
| 100|0x0000000086400000, 0x0000000086500000, 0x0000000086500000|100%| O|  |TAMS 0x0000000086500000, 0x0000000086400000| Untracked 
| 101|0x0000000086500000, 0x0000000086600000, 0x0000000086600000|100%| O|  |TAMS 0x0000000086600000, 0x0000000086500000| Untracked 
| 102|0x0000000086600000, 0x0000000086700000, 0x0000000086700000|100%|HS|  |TAMS 0x0000000086700000, 0x0000000086600000| Complete 
| 103|0x0000000086700000, 0x0000000086800000, 0x0000000086800000|100%| O|  |TAMS 0x0000000086800000, 0x0000000086700000| Untracked 
| 104|0x0000000086800000, 0x0000000086900000, 0x0000000086900000|100%| O|  |TAMS 0x0000000086900000, 0x0000000086800000| Untracked 
| 105|0x0000000086900000, 0x0000000086a00000, 0x0000000086a00000|100%| O|  |TAMS 0x0000000086a00000, 0x0000000086900000| Untracked 
| 106|0x0000000086a00000, 0x0000000086b00000, 0x0000000086b00000|100%| O|  |TAMS 0x0000000086b00000, 0x0000000086a00000| Untracked 
| 107|0x0000000086b00000, 0x0000000086c00000, 0x0000000086c00000|100%| O|  |TAMS 0x0000000086c00000, 0x0000000086b00000| Untracked 
| 108|0x0000000086c00000, 0x0000000086d00000, 0x0000000086d00000|100%| O|  |TAMS 0x0000000086d00000, 0x0000000086c00000| Untracked 
| 109|0x0000000086d00000, 0x0000000086e00000, 0x0000000086e00000|100%| O|  |TAMS 0x0000000086e00000, 0x0000000086d00000| Untracked 
| 110|0x0000000086e00000, 0x0000000086f00000, 0x0000000086f00000|100%| O|  |TAMS 0x0000000086f00000, 0x0000000086e00000| Untracked 
| 111|0x0000000086f00000, 0x0000000087000000, 0x0000000087000000|100%| O|  |TAMS 0x0000000087000000, 0x0000000086f00000| Untracked 
| 112|0x0000000087000000, 0x0000000087100000, 0x0000000087100000|100%|HS|  |TAMS 0x0000000087100000, 0x0000000087000000| Complete 
| 113|0x0000000087100000, 0x0000000087200000, 0x0000000087200000|100%| O|  |TAMS 0x0000000087200000, 0x0000000087100000| Untracked 
| 114|0x0000000087200000, 0x0000000087300000, 0x0000000087300000|100%| O|  |TAMS 0x0000000087300000, 0x0000000087200000| Untracked 
| 115|0x0000000087300000, 0x0000000087400000, 0x0000000087400000|100%|HS|  |TAMS 0x0000000087400000, 0x0000000087300000| Complete 
| 116|0x0000000087400000, 0x0000000087500000, 0x0000000087500000|100%| O|  |TAMS 0x0000000087500000, 0x0000000087400000| Untracked 
| 117|0x0000000087500000, 0x0000000087600000, 0x0000000087600000|100%| O|  |TAMS 0x0000000087600000, 0x0000000087500000| Untracked 
| 118|0x0000000087600000, 0x0000000087700000, 0x0000000087700000|100%| O|  |TAMS 0x0000000087700000, 0x0000000087600000| Untracked 
| 119|0x0000000087700000, 0x0000000087800000, 0x0000000087800000|100%| O|  |TAMS 0x0000000087800000, 0x0000000087700000| Untracked 
| 120|0x0000000087800000, 0x0000000087900000, 0x0000000087900000|100%|HS|  |TAMS 0x0000000087900000, 0x0000000087800000| Complete 
| 121|0x0000000087900000, 0x0000000087a00000, 0x0000000087a00000|100%| O|  |TAMS 0x0000000087a00000, 0x0000000087900000| Untracked 
| 122|0x0000000087a00000, 0x0000000087b00000, 0x0000000087b00000|100%|HS|  |TAMS 0x0000000087a00000, 0x0000000087a00000| Complete 
| 123|0x0000000087b00000, 0x0000000087c00000, 0x0000000087c00000|100%| O|  |TAMS 0x0000000087c00000, 0x0000000087b00000| Untracked 
| 124|0x0000000087c00000, 0x0000000087d00000, 0x0000000087d00000|100%| O|  |TAMS 0x0000000087d00000, 0x0000000087c00000| Untracked 
| 125|0x0000000087d00000, 0x0000000087e00000, 0x0000000087e00000|100%| O|  |TAMS 0x0000000087e00000, 0x0000000087d00000| Untracked 
| 126|0x0000000087e00000, 0x0000000087f00000, 0x0000000087f00000|100%| O|  |TAMS 0x0000000087f00000, 0x0000000087e00000| Untracked 
| 127|0x0000000087f00000, 0x0000000088000000, 0x0000000088000000|100%|HS|  |TAMS 0x0000000087f00000, 0x0000000087f00000| Complete 
| 128|0x0000000088000000, 0x0000000088100000, 0x0000000088100000|100%| O|  |TAMS 0x0000000088100000, 0x0000000088000000| Untracked 
| 129|0x0000000088100000, 0x0000000088200000, 0x0000000088200000|100%| O|  |TAMS 0x0000000088100000, 0x0000000088100000| Untracked 
| 130|0x0000000088200000, 0x0000000088300000, 0x0000000088300000|100%| O|  |TAMS 0x0000000088300000, 0x0000000088200000| Untracked 
| 131|0x0000000088300000, 0x0000000088400000, 0x0000000088400000|100%| O|  |TAMS 0x0000000088300000, 0x0000000088300000| Untracked 
| 132|0x0000000088400000, 0x0000000088500000, 0x0000000088500000|100%| O|  |TAMS 0x0000000088500000, 0x0000000088400000| Untracked 
| 133|0x0000000088500000, 0x0000000088600000, 0x0000000088600000|100%| O|  |TAMS 0x0000000088600000, 0x0000000088500000| Untracked 
| 134|0x0000000088600000, 0x0000000088700000, 0x0000000088700000|100%| O|  |TAMS 0x0000000088700000, 0x0000000088600000| Untracked 
| 135|0x0000000088700000, 0x0000000088800000, 0x0000000088800000|100%| O|  |TAMS 0x0000000088800000, 0x0000000088700000| Untracked 
| 136|0x0000000088800000, 0x0000000088900000, 0x0000000088900000|100%| O|  |TAMS 0x0000000088900000, 0x0000000088800000| Untracked 
| 137|0x0000000088900000, 0x0000000088a00000, 0x0000000088a00000|100%|HS|  |TAMS 0x0000000088900000, 0x0000000088900000| Complete 
| 138|0x0000000088a00000, 0x0000000088b00000, 0x0000000088b00000|100%| O|  |TAMS 0x0000000088b00000, 0x0000000088a00000| Untracked 
| 139|0x0000000088b00000, 0x0000000088c00000, 0x0000000088c00000|100%| O|  |TAMS 0x0000000088c00000, 0x0000000088b00000| Untracked 
| 140|0x0000000088c00000, 0x0000000088d00000, 0x0000000088d00000|100%| O|  |TAMS 0x0000000088c00000, 0x0000000088c00000| Untracked 
| 141|0x0000000088d00000, 0x0000000088e00000, 0x0000000088e00000|100%| O|  |TAMS 0x0000000088d00000, 0x0000000088d00000| Untracked 
| 142|0x0000000088e00000, 0x0000000088f00000, 0x0000000088f00000|100%| O|  |TAMS 0x0000000088f00000, 0x0000000088e00000| Untracked 
| 143|0x0000000088f00000, 0x0000000089000000, 0x0000000089000000|100%| O|  |TAMS 0x0000000089000000, 0x0000000088f00000| Untracked 
| 144|0x0000000089000000, 0x0000000089100000, 0x0000000089100000|100%| O|  |TAMS 0x0000000089100000, 0x0000000089000000| Untracked 
| 145|0x0000000089100000, 0x0000000089200000, 0x0000000089200000|100%| O|  |TAMS 0x0000000089100000, 0x0000000089100000| Untracked 
| 146|0x0000000089200000, 0x0000000089300000, 0x0000000089300000|100%| O|  |TAMS 0x0000000089300000, 0x0000000089200000| Untracked 
| 147|0x0000000089300000, 0x0000000089400000, 0x0000000089400000|100%| O|  |TAMS 0x0000000089400000, 0x0000000089300000| Untracked 
| 148|0x0000000089400000, 0x0000000089500000, 0x0000000089500000|100%| O|  |TAMS 0x0000000089500000, 0x0000000089400000| Untracked 
| 149|0x0000000089500000, 0x0000000089600000, 0x0000000089600000|100%| O|  |TAMS 0x0000000089600000, 0x0000000089500000| Untracked 
| 150|0x0000000089600000, 0x0000000089700000, 0x0000000089700000|100%| O|  |TAMS 0x0000000089700000, 0x0000000089600000| Untracked 
| 151|0x0000000089700000, 0x0000000089800000, 0x0000000089800000|100%| O|  |TAMS 0x0000000089800000, 0x0000000089700000| Untracked 
| 152|0x0000000089800000, 0x0000000089900000, 0x0000000089900000|100%| O|  |TAMS 0x0000000089900000, 0x0000000089800000| Untracked 
| 153|0x0000000089900000, 0x0000000089a00000, 0x0000000089a00000|100%| O|  |TAMS 0x0000000089a00000, 0x0000000089900000| Untracked 
| 154|0x0000000089a00000, 0x0000000089b00000, 0x0000000089b00000|100%| O|  |TAMS 0x0000000089b00000, 0x0000000089a00000| Untracked 
| 155|0x0000000089b00000, 0x0000000089c00000, 0x0000000089c00000|100%| O|  |TAMS 0x0000000089b00000, 0x0000000089b00000| Untracked 
| 156|0x0000000089c00000, 0x0000000089d00000, 0x0000000089d00000|100%| O|  |TAMS 0x0000000089d00000, 0x0000000089c00000| Untracked 
| 157|0x0000000089d00000, 0x0000000089e00000, 0x0000000089e00000|100%| O|  |TAMS 0x0000000089e00000, 0x0000000089d00000| Untracked 
| 158|0x0000000089e00000, 0x0000000089f00000, 0x0000000089f00000|100%| O|  |TAMS 0x0000000089f00000, 0x0000000089e00000| Untracked 
| 159|0x0000000089f00000, 0x000000008a000000, 0x000000008a000000|100%| O|  |TAMS 0x000000008a000000, 0x0000000089f00000| Untracked 
| 160|0x000000008a000000, 0x000000008a100000, 0x000000008a100000|100%| O|  |TAMS 0x000000008a100000, 0x000000008a000000| Untracked 
| 161|0x000000008a100000, 0x000000008a200000, 0x000000008a200000|100%| O|  |TAMS 0x000000008a200000, 0x000000008a100000| Untracked 
| 162|0x000000008a200000, 0x000000008a300000, 0x000000008a300000|100%| O|  |TAMS 0x000000008a300000, 0x000000008a200000| Untracked 
| 163|0x000000008a300000, 0x000000008a400000, 0x000000008a400000|100%| O|  |TAMS 0x000000008a400000, 0x000000008a300000| Untracked 
| 164|0x000000008a400000, 0x000000008a500000, 0x000000008a500000|100%| O|  |TAMS 0x000000008a500000, 0x000000008a400000| Untracked 
| 165|0x000000008a500000, 0x000000008a600000, 0x000000008a600000|100%| O|  |TAMS 0x000000008a600000, 0x000000008a500000| Untracked 
| 166|0x000000008a600000, 0x000000008a700000, 0x000000008a700000|100%| O|  |TAMS 0x000000008a700000, 0x000000008a600000| Untracked 
| 167|0x000000008a700000, 0x000000008a800000, 0x000000008a800000|100%| O|  |TAMS 0x000000008a800000, 0x000000008a700000| Untracked 
| 168|0x000000008a800000, 0x000000008a900000, 0x000000008a900000|100%| O|  |TAMS 0x000000008a900000, 0x000000008a800000| Untracked 
| 169|0x000000008a900000, 0x000000008aa00000, 0x000000008aa00000|100%| O|  |TAMS 0x000000008aa00000, 0x000000008a900000| Untracked 
| 170|0x000000008aa00000, 0x000000008ab00000, 0x000000008ab00000|100%| O|  |TAMS 0x000000008ab00000, 0x000000008aa00000| Untracked 
| 171|0x000000008ab00000, 0x000000008ac00000, 0x000000008ac00000|100%| O|  |TAMS 0x000000008ac00000, 0x000000008ab00000| Untracked 
| 172|0x000000008ac00000, 0x000000008ad00000, 0x000000008ad00000|100%| O|  |TAMS 0x000000008ad00000, 0x000000008ac00000| Untracked 
| 173|0x000000008ad00000, 0x000000008ae00000, 0x000000008ae00000|100%| O|  |TAMS 0x000000008ae00000, 0x000000008ad00000| Untracked 
| 174|0x000000008ae00000, 0x000000008af00000, 0x000000008af00000|100%| O|  |TAMS 0x000000008af00000, 0x000000008ae00000| Untracked 
| 175|0x000000008af00000, 0x000000008b000000, 0x000000008b000000|100%| O|  |TAMS 0x000000008b000000, 0x000000008af00000| Untracked 
| 176|0x000000008b000000, 0x000000008b100000, 0x000000008b100000|100%| O|  |TAMS 0x000000008b100000, 0x000000008b000000| Untracked 
| 177|0x000000008b100000, 0x000000008b200000, 0x000000008b200000|100%|HS|  |TAMS 0x000000008b200000, 0x000000008b100000| Complete 
| 178|0x000000008b200000, 0x000000008b300000, 0x000000008b300000|100%| O|  |TAMS 0x000000008b300000, 0x000000008b200000| Untracked 
| 179|0x000000008b300000, 0x000000008b400000, 0x000000008b400000|100%| O|  |TAMS 0x000000008b400000, 0x000000008b300000| Untracked 
| 180|0x000000008b400000, 0x000000008b500000, 0x000000008b500000|100%| O|  |TAMS 0x000000008b500000, 0x000000008b400000| Untracked 
| 181|0x000000008b500000, 0x000000008b600000, 0x000000008b600000|100%| O|  |TAMS 0x000000008b600000, 0x000000008b500000| Untracked 
| 182|0x000000008b600000, 0x000000008b700000, 0x000000008b700000|100%| O|  |TAMS 0x000000008b700000, 0x000000008b600000| Untracked 
| 183|0x000000008b700000, 0x000000008b800000, 0x000000008b800000|100%| O|  |TAMS 0x000000008b800000, 0x000000008b700000| Untracked 
| 184|0x000000008b800000, 0x000000008b900000, 0x000000008b900000|100%| O|  |TAMS 0x000000008b900000, 0x000000008b800000| Untracked 
| 185|0x000000008b900000, 0x000000008ba00000, 0x000000008ba00000|100%| O|  |TAMS 0x000000008ba00000, 0x000000008b900000| Untracked 
| 186|0x000000008ba00000, 0x000000008bb00000, 0x000000008bb00000|100%| O|  |TAMS 0x000000008ba9de00, 0x000000008ba00000| Untracked 
| 187|0x000000008bb00000, 0x000000008bc00000, 0x000000008bc00000|100%|HS|  |TAMS 0x000000008bb00000, 0x000000008bb00000| Complete 
| 188|0x000000008bc00000, 0x000000008bd00000, 0x000000008bd00000|100%| O|  |TAMS 0x000000008bc00000, 0x000000008bc00000| Untracked 
| 189|0x000000008bd00000, 0x000000008be00000, 0x000000008be00000|100%| O|  |TAMS 0x000000008bd00000, 0x000000008bd00000| Untracked 
| 190|0x000000008be00000, 0x000000008bf00000, 0x000000008bf00000|100%|HS|  |TAMS 0x000000008be00000, 0x000000008be00000| Complete 
| 191|0x000000008bf00000, 0x000000008c000000, 0x000000008c000000|100%|HS|  |TAMS 0x000000008bf00000, 0x000000008bf00000| Complete 
| 192|0x000000008c000000, 0x000000008c100000, 0x000000008c100000|100%| O|  |TAMS 0x000000008c000000, 0x000000008c000000| Untracked 
| 193|0x000000008c100000, 0x000000008c200000, 0x000000008c200000|100%| O|  |TAMS 0x000000008c100000, 0x000000008c100000| Untracked 
| 194|0x000000008c200000, 0x000000008c300000, 0x000000008c300000|100%| O|  |TAMS 0x000000008c200000, 0x000000008c200000| Untracked 
| 195|0x000000008c300000, 0x000000008c400000, 0x000000008c400000|100%|HS|  |TAMS 0x000000008c300000, 0x000000008c300000| Complete 
| 196|0x000000008c400000, 0x000000008c4c0c00, 0x000000008c500000| 75%| O|  |TAMS 0x000000008c400000, 0x000000008c400000| Untracked 
| 197|0x000000008c500000, 0x000000008c600000, 0x000000008c600000|100%| O|  |TAMS 0x000000008c500000, 0x000000008c500000| Untracked 
| 198|0x000000008c600000, 0x000000008c700000, 0x000000008c700000|100%| O|  |TAMS 0x000000008c600000, 0x000000008c600000| Untracked 
| 199|0x000000008c700000, 0x000000008c800000, 0x000000008c800000|100%| O|  |TAMS 0x000000008c700000, 0x000000008c700000| Untracked 
| 200|0x000000008c800000, 0x000000008c900000, 0x000000008c900000|100%|HS|  |TAMS 0x000000008c800000, 0x000000008c800000| Complete 
| 201|0x000000008c900000, 0x000000008ca00000, 0x000000008ca00000|100%|HC|  |TAMS 0x000000008c900000, 0x000000008c900000| Complete 
| 202|0x000000008ca00000, 0x000000008cb00000, 0x000000008cb00000|100%|HS|  |TAMS 0x000000008ca00000, 0x000000008ca00000| Complete 
| 203|0x000000008cb00000, 0x000000008cc00000, 0x000000008cc00000|100%|HC|  |TAMS 0x000000008cb00000, 0x000000008cb00000| Complete 
| 204|0x000000008cc00000, 0x000000008cd00000, 0x000000008cd00000|100%|HS|  |TAMS 0x000000008cc00000, 0x000000008cc00000| Complete 
| 205|0x000000008cd00000, 0x000000008ce00000, 0x000000008ce00000|100%|HC|  |TAMS 0x000000008cd00000, 0x000000008cd00000| Complete 
| 206|0x000000008ce00000, 0x000000008cf00000, 0x000000008cf00000|100%|HS|  |TAMS 0x000000008ce00000, 0x000000008ce00000| Complete 
| 207|0x000000008cf00000, 0x000000008d000000, 0x000000008d000000|100%|HC|  |TAMS 0x000000008cf00000, 0x000000008cf00000| Complete 
| 208|0x000000008d000000, 0x000000008d000000, 0x000000008d100000|  0%| F|  |TAMS 0x000000008d000000, 0x000000008d000000| Untracked 
| 209|0x000000008d100000, 0x000000008d100000, 0x000000008d200000|  0%| F|  |TAMS 0x000000008d100000, 0x000000008d100000| Untracked 
| 210|0x000000008d200000, 0x000000008d200000, 0x000000008d300000|  0%| F|  |TAMS 0x000000008d200000, 0x000000008d200000| Untracked 
| 211|0x000000008d300000, 0x000000008d300000, 0x000000008d400000|  0%| F|  |TAMS 0x000000008d300000, 0x000000008d300000| Untracked 
| 212|0x000000008d400000, 0x000000008d400000, 0x000000008d500000|  0%| F|  |TAMS 0x000000008d400000, 0x000000008d400000| Untracked 
| 213|0x000000008d500000, 0x000000008d500000, 0x000000008d600000|  0%| F|  |TAMS 0x000000008d500000, 0x000000008d500000| Untracked 
| 214|0x000000008d600000, 0x000000008d600000, 0x000000008d700000|  0%| F|  |TAMS 0x000000008d600000, 0x000000008d600000| Untracked 
| 215|0x000000008d700000, 0x000000008d700000, 0x000000008d800000|  0%| F|  |TAMS 0x000000008d700000, 0x000000008d700000| Untracked 
| 216|0x000000008d800000, 0x000000008d900000, 0x000000008d900000|100%| O|  |TAMS 0x000000008d800000, 0x000000008d800000| Untracked 
| 217|0x000000008d900000, 0x000000008da00000, 0x000000008da00000|100%| O|  |TAMS 0x000000008d900000, 0x000000008d900000| Untracked 
| 218|0x000000008da00000, 0x000000008db00000, 0x000000008db00000|100%| O|  |TAMS 0x000000008da00000, 0x000000008da00000| Untracked 
| 219|0x000000008db00000, 0x000000008dc00000, 0x000000008dc00000|100%| O|  |TAMS 0x000000008db00000, 0x000000008db00000| Untracked 
| 220|0x000000008dc00000, 0x000000008dc00000, 0x000000008dd00000|  0%| F|  |TAMS 0x000000008dc00000, 0x000000008dc00000| Untracked 
| 221|0x000000008dd00000, 0x000000008dd00000, 0x000000008de00000|  0%| F|  |TAMS 0x000000008dd00000, 0x000000008dd00000| Untracked 
| 222|0x000000008de00000, 0x000000008de00000, 0x000000008df00000|  0%| F|  |TAMS 0x000000008de00000, 0x000000008de00000| Untracked 
| 223|0x000000008df00000, 0x000000008df00000, 0x000000008e000000|  0%| F|  |TAMS 0x000000008df00000, 0x000000008df00000| Untracked 
| 224|0x000000008e000000, 0x000000008e000000, 0x000000008e100000|  0%| F|  |TAMS 0x000000008e000000, 0x000000008e000000| Untracked 
| 225|0x000000008e100000, 0x000000008e100000, 0x000000008e200000|  0%| F|  |TAMS 0x000000008e100000, 0x000000008e100000| Untracked 
| 226|0x000000008e200000, 0x000000008e200000, 0x000000008e300000|  0%| F|  |TAMS 0x000000008e200000, 0x000000008e200000| Untracked 
| 227|0x000000008e300000, 0x000000008e300000, 0x000000008e400000|  0%| F|  |TAMS 0x000000008e300000, 0x000000008e300000| Untracked 
| 228|0x000000008e400000, 0x000000008e400000, 0x000000008e500000|  0%| F|  |TAMS 0x000000008e400000, 0x000000008e400000| Untracked 
| 229|0x000000008e500000, 0x000000008e500000, 0x000000008e600000|  0%| F|  |TAMS 0x000000008e500000, 0x000000008e500000| Untracked 
| 230|0x000000008e600000, 0x000000008e600000, 0x000000008e700000|  0%| F|  |TAMS 0x000000008e600000, 0x000000008e600000| Untracked 
| 231|0x000000008e700000, 0x000000008e700000, 0x000000008e800000|  0%| F|  |TAMS 0x000000008e700000, 0x000000008e700000| Untracked 
| 232|0x000000008e800000, 0x000000008e800000, 0x000000008e900000|  0%| F|  |TAMS 0x000000008e800000, 0x000000008e800000| Untracked 
| 233|0x000000008e900000, 0x000000008e900000, 0x000000008ea00000|  0%| F|  |TAMS 0x000000008e900000, 0x000000008e900000| Untracked 
| 234|0x000000008ea00000, 0x000000008ea00000, 0x000000008eb00000|  0%| F|  |TAMS 0x000000008ea00000, 0x000000008ea00000| Untracked 
| 235|0x000000008eb00000, 0x000000008eb00000, 0x000000008ec00000|  0%| F|  |TAMS 0x000000008eb00000, 0x000000008eb00000| Untracked 
| 236|0x000000008ec00000, 0x000000008ec00000, 0x000000008ed00000|  0%| F|  |TAMS 0x000000008ec00000, 0x000000008ec00000| Untracked 
| 237|0x000000008ed00000, 0x000000008ed00000, 0x000000008ee00000|  0%| F|  |TAMS 0x000000008ed00000, 0x000000008ed00000| Untracked 
| 238|0x000000008ee00000, 0x000000008ee00000, 0x000000008ef00000|  0%| F|  |TAMS 0x000000008ee00000, 0x000000008ee00000| Untracked 
| 239|0x000000008ef00000, 0x000000008ef00000, 0x000000008f000000|  0%| F|  |TAMS 0x000000008ef00000, 0x000000008ef00000| Untracked 
| 240|0x000000008f000000, 0x000000008f000000, 0x000000008f100000|  0%| F|  |TAMS 0x000000008f000000, 0x000000008f000000| Untracked 
| 241|0x000000008f100000, 0x000000008f100000, 0x000000008f200000|  0%| F|  |TAMS 0x000000008f100000, 0x000000008f100000| Untracked 
| 242|0x000000008f200000, 0x000000008f200000, 0x000000008f300000|  0%| F|  |TAMS 0x000000008f200000, 0x000000008f200000| Untracked 
| 243|0x000000008f300000, 0x000000008f300000, 0x000000008f400000|  0%| F|  |TAMS 0x000000008f300000, 0x000000008f300000| Untracked 
| 244|0x000000008f400000, 0x000000008f400000, 0x000000008f500000|  0%| F|  |TAMS 0x000000008f400000, 0x000000008f400000| Untracked 
| 245|0x000000008f500000, 0x000000008f500000, 0x000000008f600000|  0%| F|  |TAMS 0x000000008f500000, 0x000000008f500000| Untracked 
| 246|0x000000008f600000, 0x000000008f600000, 0x000000008f700000|  0%| F|  |TAMS 0x000000008f600000, 0x000000008f600000| Untracked 
| 247|0x000000008f700000, 0x000000008f700000, 0x000000008f800000|  0%| F|  |TAMS 0x000000008f700000, 0x000000008f700000| Untracked 
| 248|0x000000008f800000, 0x000000008f800000, 0x000000008f900000|  0%| F|  |TAMS 0x000000008f800000, 0x000000008f800000| Untracked 
| 249|0x000000008f900000, 0x000000008f900000, 0x000000008fa00000|  0%| F|  |TAMS 0x000000008f900000, 0x000000008f900000| Untracked 
| 250|0x000000008fa00000, 0x000000008fa00000, 0x000000008fb00000|  0%| F|  |TAMS 0x000000008fa00000, 0x000000008fa00000| Untracked 
| 251|0x000000008fb00000, 0x000000008fb00000, 0x000000008fc00000|  0%| F|  |TAMS 0x000000008fb00000, 0x000000008fb00000| Untracked 
| 252|0x000000008fc00000, 0x000000008fc00000, 0x000000008fd00000|  0%| F|  |TAMS 0x000000008fc00000, 0x000000008fc00000| Untracked 
| 253|0x000000008fd00000, 0x000000008fd00000, 0x000000008fe00000|  0%| F|  |TAMS 0x000000008fd00000, 0x000000008fd00000| Untracked 
| 254|0x000000008fe00000, 0x000000008fe00000, 0x000000008ff00000|  0%| F|  |TAMS 0x000000008fe00000, 0x000000008fe00000| Untracked 
| 255|0x000000008ff00000, 0x000000008ff00000, 0x0000000090000000|  0%| F|  |TAMS 0x000000008ff00000, 0x000000008ff00000| Untracked 
| 256|0x0000000090000000, 0x00000000900ef888, 0x0000000090100000| 93%| S|CS|TAMS 0x0000000090000000, 0x0000000090000000| Complete 
| 257|0x0000000090100000, 0x0000000090200000, 0x0000000090200000|100%| S|CS|TAMS 0x0000000090100000, 0x0000000090100000| Complete 
| 258|0x0000000090200000, 0x0000000090300000, 0x0000000090300000|100%| S|CS|TAMS 0x0000000090200000, 0x0000000090200000| Complete 
| 259|0x0000000090300000, 0x0000000090400000, 0x0000000090400000|100%| S|CS|TAMS 0x0000000090300000, 0x0000000090300000| Complete 
| 260|0x0000000090400000, 0x0000000090500000, 0x0000000090500000|100%| S|CS|TAMS 0x0000000090400000, 0x0000000090400000| Complete 
| 261|0x0000000090500000, 0x0000000090600000, 0x0000000090600000|100%| S|CS|TAMS 0x0000000090500000, 0x0000000090500000| Complete 
| 262|0x0000000090600000, 0x0000000090700000, 0x0000000090700000|100%| S|CS|TAMS 0x0000000090600000, 0x0000000090600000| Complete 
| 263|0x0000000090700000, 0x0000000090800000, 0x0000000090800000|100%| S|CS|TAMS 0x0000000090700000, 0x0000000090700000| Complete 
| 264|0x0000000090800000, 0x0000000090900000, 0x0000000090900000|100%| S|CS|TAMS 0x0000000090800000, 0x0000000090800000| Complete 
| 265|0x0000000090900000, 0x0000000090900000, 0x0000000090a00000|  0%| F|  |TAMS 0x0000000090900000, 0x0000000090900000| Untracked 
| 266|0x0000000090a00000, 0x0000000090a00000, 0x0000000090b00000|  0%| F|  |TAMS 0x0000000090a00000, 0x0000000090a00000| Untracked 
| 267|0x0000000090b00000, 0x0000000090b00000, 0x0000000090c00000|  0%| F|  |TAMS 0x0000000090b00000, 0x0000000090b00000| Untracked 
| 268|0x0000000090c00000, 0x0000000090c00000, 0x0000000090d00000|  0%| F|  |TAMS 0x0000000090c00000, 0x0000000090c00000| Untracked 
| 269|0x0000000090d00000, 0x0000000090d00000, 0x0000000090e00000|  0%| F|  |TAMS 0x0000000090d00000, 0x0000000090d00000| Untracked 
| 270|0x0000000090e00000, 0x0000000090e00000, 0x0000000090f00000|  0%| F|  |TAMS 0x0000000090e00000, 0x0000000090e00000| Untracked 
| 271|0x0000000090f00000, 0x0000000090f00000, 0x0000000091000000|  0%| F|  |TAMS 0x0000000090f00000, 0x0000000090f00000| Untracked 
| 272|0x0000000091000000, 0x0000000091000000, 0x0000000091100000|  0%| F|  |TAMS 0x0000000091000000, 0x0000000091000000| Untracked 
| 273|0x0000000091100000, 0x0000000091100000, 0x0000000091200000|  0%| F|  |TAMS 0x0000000091100000, 0x0000000091100000| Untracked 
| 274|0x0000000091200000, 0x0000000091200000, 0x0000000091300000|  0%| F|  |TAMS 0x0000000091200000, 0x0000000091200000| Untracked 
| 275|0x0000000091300000, 0x0000000091300000, 0x0000000091400000|  0%| F|  |TAMS 0x0000000091300000, 0x0000000091300000| Untracked 
| 276|0x0000000091400000, 0x0000000091400000, 0x0000000091500000|  0%| F|  |TAMS 0x0000000091400000, 0x0000000091400000| Untracked 
| 277|0x0000000091500000, 0x0000000091500000, 0x0000000091600000|  0%| F|  |TAMS 0x0000000091500000, 0x0000000091500000| Untracked 
| 278|0x0000000091600000, 0x0000000091600000, 0x0000000091700000|  0%| F|  |TAMS 0x0000000091600000, 0x0000000091600000| Untracked 
| 279|0x0000000091700000, 0x0000000091700000, 0x0000000091800000|  0%| F|  |TAMS 0x0000000091700000, 0x0000000091700000| Untracked 
| 280|0x0000000091800000, 0x0000000091800000, 0x0000000091900000|  0%| F|  |TAMS 0x0000000091800000, 0x0000000091800000| Untracked 
| 281|0x0000000091900000, 0x0000000091900000, 0x0000000091a00000|  0%| F|  |TAMS 0x0000000091900000, 0x0000000091900000| Untracked 
| 282|0x0000000091a00000, 0x0000000091a00000, 0x0000000091b00000|  0%| F|  |TAMS 0x0000000091a00000, 0x0000000091a00000| Untracked 
| 283|0x0000000091b00000, 0x0000000091b00000, 0x0000000091c00000|  0%| F|  |TAMS 0x0000000091b00000, 0x0000000091b00000| Untracked 
| 284|0x0000000091c00000, 0x0000000091c00000, 0x0000000091d00000|  0%| F|  |TAMS 0x0000000091c00000, 0x0000000091c00000| Untracked 
| 285|0x0000000091d00000, 0x0000000091d00000, 0x0000000091e00000|  0%| F|  |TAMS 0x0000000091d00000, 0x0000000091d00000| Untracked 
| 286|0x0000000091e00000, 0x0000000091e00000, 0x0000000091f00000|  0%| F|  |TAMS 0x0000000091e00000, 0x0000000091e00000| Untracked 
| 287|0x0000000091f00000, 0x0000000091f00000, 0x0000000092000000|  0%| F|  |TAMS 0x0000000091f00000, 0x0000000091f00000| Untracked 
| 288|0x0000000092000000, 0x0000000092000000, 0x0000000092100000|  0%| F|  |TAMS 0x0000000092000000, 0x0000000092000000| Untracked 
| 289|0x0000000092100000, 0x0000000092100000, 0x0000000092200000|  0%| F|  |TAMS 0x0000000092100000, 0x0000000092100000| Untracked 
| 290|0x0000000092200000, 0x0000000092200000, 0x0000000092300000|  0%| F|  |TAMS 0x0000000092200000, 0x0000000092200000| Untracked 
| 291|0x0000000092300000, 0x0000000092300000, 0x0000000092400000|  0%| F|  |TAMS 0x0000000092300000, 0x0000000092300000| Untracked 
| 292|0x0000000092400000, 0x0000000092400000, 0x0000000092500000|  0%| F|  |TAMS 0x0000000092400000, 0x0000000092400000| Untracked 
| 293|0x0000000092500000, 0x0000000092500000, 0x0000000092600000|  0%| F|  |TAMS 0x0000000092500000, 0x0000000092500000| Untracked 
| 294|0x0000000092600000, 0x0000000092600000, 0x0000000092700000|  0%| F|  |TAMS 0x0000000092600000, 0x0000000092600000| Untracked 
| 295|0x0000000092700000, 0x0000000092700000, 0x0000000092800000|  0%| F|  |TAMS 0x0000000092700000, 0x0000000092700000| Untracked 
| 296|0x0000000092800000, 0x00000000928b2a78, 0x0000000092900000| 69%| E|  |TAMS 0x0000000092800000, 0x0000000092800000| Complete 
| 297|0x0000000092900000, 0x0000000092a00000, 0x0000000092a00000|100%| E|CS|TAMS 0x0000000092900000, 0x0000000092900000| Complete 
| 298|0x0000000092a00000, 0x0000000092b00000, 0x0000000092b00000|100%| E|CS|TAMS 0x0000000092a00000, 0x0000000092a00000| Complete 
| 299|0x0000000092b00000, 0x0000000092c00000, 0x0000000092c00000|100%| E|CS|TAMS 0x0000000092b00000, 0x0000000092b00000| Complete 
| 300|0x0000000092c00000, 0x0000000092d00000, 0x0000000092d00000|100%| E|CS|TAMS 0x0000000092c00000, 0x0000000092c00000| Complete 
| 301|0x0000000092d00000, 0x0000000092e00000, 0x0000000092e00000|100%| E|CS|TAMS 0x0000000092d00000, 0x0000000092d00000| Complete 
| 302|0x0000000092e00000, 0x0000000092f00000, 0x0000000092f00000|100%| E|CS|TAMS 0x0000000092e00000, 0x0000000092e00000| Complete 
| 303|0x0000000092f00000, 0x0000000093000000, 0x0000000093000000|100%| E|CS|TAMS 0x0000000092f00000, 0x0000000092f00000| Complete 
| 304|0x0000000093000000, 0x0000000093100000, 0x0000000093100000|100%| E|CS|TAMS 0x0000000093000000, 0x0000000093000000| Complete 
| 305|0x0000000093100000, 0x0000000093200000, 0x0000000093200000|100%| E|CS|TAMS 0x0000000093100000, 0x0000000093100000| Complete 
| 306|0x0000000093200000, 0x0000000093300000, 0x0000000093300000|100%| E|CS|TAMS 0x0000000093200000, 0x0000000093200000| Complete 
| 307|0x0000000093300000, 0x0000000093400000, 0x0000000093400000|100%| E|CS|TAMS 0x0000000093300000, 0x0000000093300000| Complete 
| 308|0x0000000093400000, 0x0000000093500000, 0x0000000093500000|100%| E|CS|TAMS 0x0000000093400000, 0x0000000093400000| Complete 
| 309|0x0000000093500000, 0x0000000093600000, 0x0000000093600000|100%| E|CS|TAMS 0x0000000093500000, 0x0000000093500000| Complete 
| 310|0x0000000093600000, 0x0000000093700000, 0x0000000093700000|100%| E|CS|TAMS 0x0000000093600000, 0x0000000093600000| Complete 
| 311|0x0000000093700000, 0x0000000093800000, 0x0000000093800000|100%| E|CS|TAMS 0x0000000093700000, 0x0000000093700000| Complete 
| 312|0x0000000093800000, 0x0000000093900000, 0x0000000093900000|100%| E|CS|TAMS 0x0000000093800000, 0x0000000093800000| Complete 
| 313|0x0000000093900000, 0x0000000093a00000, 0x0000000093a00000|100%| E|CS|TAMS 0x0000000093900000, 0x0000000093900000| Complete 
| 314|0x0000000093a00000, 0x0000000093b00000, 0x0000000093b00000|100%| E|CS|TAMS 0x0000000093a00000, 0x0000000093a00000| Complete 
| 315|0x0000000093b00000, 0x0000000093c00000, 0x0000000093c00000|100%| E|CS|TAMS 0x0000000093b00000, 0x0000000093b00000| Complete 
| 316|0x0000000093c00000, 0x0000000093d00000, 0x0000000093d00000|100%| E|CS|TAMS 0x0000000093c00000, 0x0000000093c00000| Complete 
| 317|0x0000000093d00000, 0x0000000093e00000, 0x0000000093e00000|100%| E|CS|TAMS 0x0000000093d00000, 0x0000000093d00000| Complete 
| 318|0x0000000093e00000, 0x0000000093f00000, 0x0000000093f00000|100%| E|CS|TAMS 0x0000000093e00000, 0x0000000093e00000| Complete 
| 319|0x0000000093f00000, 0x0000000094000000, 0x0000000094000000|100%| E|  |TAMS 0x0000000093f00000, 0x0000000093f00000| Complete 
| 320|0x0000000094000000, 0x0000000094100000, 0x0000000094100000|100%| E|CS|TAMS 0x0000000094000000, 0x0000000094000000| Complete 
| 321|0x0000000094100000, 0x0000000094200000, 0x0000000094200000|100%| E|CS|TAMS 0x0000000094100000, 0x0000000094100000| Complete 
| 322|0x0000000094200000, 0x0000000094300000, 0x0000000094300000|100%| E|CS|TAMS 0x0000000094200000, 0x0000000094200000| Complete 
| 323|0x0000000094300000, 0x0000000094400000, 0x0000000094400000|100%| E|CS|TAMS 0x0000000094300000, 0x0000000094300000| Complete 
| 324|0x0000000094400000, 0x0000000094500000, 0x0000000094500000|100%| E|CS|TAMS 0x0000000094400000, 0x0000000094400000| Complete 
| 325|0x0000000094500000, 0x0000000094600000, 0x0000000094600000|100%| E|CS|TAMS 0x0000000094500000, 0x0000000094500000| Complete 
| 326|0x0000000094600000, 0x0000000094700000, 0x0000000094700000|100%| E|CS|TAMS 0x0000000094600000, 0x0000000094600000| Complete 
| 327|0x0000000094700000, 0x0000000094800000, 0x0000000094800000|100%| E|CS|TAMS 0x0000000094700000, 0x0000000094700000| Complete 
| 328|0x0000000094800000, 0x0000000094900000, 0x0000000094900000|100%| E|CS|TAMS 0x0000000094800000, 0x0000000094800000| Complete 
| 329|0x0000000094900000, 0x0000000094a00000, 0x0000000094a00000|100%| E|CS|TAMS 0x0000000094900000, 0x0000000094900000| Complete 
| 330|0x0000000094a00000, 0x0000000094b00000, 0x0000000094b00000|100%| E|CS|TAMS 0x0000000094a00000, 0x0000000094a00000| Complete 
| 331|0x0000000094b00000, 0x0000000094c00000, 0x0000000094c00000|100%| E|CS|TAMS 0x0000000094b00000, 0x0000000094b00000| Complete 
| 332|0x0000000094c00000, 0x0000000094d00000, 0x0000000094d00000|100%| E|CS|TAMS 0x0000000094c00000, 0x0000000094c00000| Complete 
| 333|0x0000000094d00000, 0x0000000094e00000, 0x0000000094e00000|100%| E|CS|TAMS 0x0000000094d00000, 0x0000000094d00000| Complete 
| 334|0x0000000094e00000, 0x0000000094f00000, 0x0000000094f00000|100%| E|CS|TAMS 0x0000000094e00000, 0x0000000094e00000| Complete 
| 335|0x0000000094f00000, 0x0000000095000000, 0x0000000095000000|100%| E|CS|TAMS 0x0000000094f00000, 0x0000000094f00000| Complete 
| 336|0x0000000095000000, 0x0000000095100000, 0x0000000095100000|100%| E|CS|TAMS 0x0000000095000000, 0x0000000095000000| Complete 
| 337|0x0000000095100000, 0x0000000095200000, 0x0000000095200000|100%| E|CS|TAMS 0x0000000095100000, 0x0000000095100000| Complete 
| 338|0x0000000095200000, 0x0000000095300000, 0x0000000095300000|100%| E|CS|TAMS 0x0000000095200000, 0x0000000095200000| Complete 
| 339|0x0000000095300000, 0x0000000095400000, 0x0000000095400000|100%| E|CS|TAMS 0x0000000095300000, 0x0000000095300000| Complete 
| 340|0x0000000095400000, 0x0000000095500000, 0x0000000095500000|100%| E|CS|TAMS 0x0000000095400000, 0x0000000095400000| Complete 
| 341|0x0000000095500000, 0x0000000095600000, 0x0000000095600000|100%| E|CS|TAMS 0x0000000095500000, 0x0000000095500000| Complete 
| 342|0x0000000095600000, 0x0000000095700000, 0x0000000095700000|100%| E|CS|TAMS 0x0000000095600000, 0x0000000095600000| Complete 
| 343|0x0000000095700000, 0x0000000095800000, 0x0000000095800000|100%| E|CS|TAMS 0x0000000095700000, 0x0000000095700000| Complete 
| 344|0x0000000095800000, 0x0000000095900000, 0x0000000095900000|100%| E|CS|TAMS 0x0000000095800000, 0x0000000095800000| Complete 
| 345|0x0000000095900000, 0x0000000095a00000, 0x0000000095a00000|100%| E|CS|TAMS 0x0000000095900000, 0x0000000095900000| Complete 
| 346|0x0000000095a00000, 0x0000000095b00000, 0x0000000095b00000|100%| E|CS|TAMS 0x0000000095a00000, 0x0000000095a00000| Complete 
| 347|0x0000000095b00000, 0x0000000095c00000, 0x0000000095c00000|100%| E|CS|TAMS 0x0000000095b00000, 0x0000000095b00000| Complete 
| 348|0x0000000095c00000, 0x0000000095d00000, 0x0000000095d00000|100%| E|CS|TAMS 0x0000000095c00000, 0x0000000095c00000| Complete 
| 349|0x0000000095d00000, 0x0000000095e00000, 0x0000000095e00000|100%| E|CS|TAMS 0x0000000095d00000, 0x0000000095d00000| Complete 
| 350|0x0000000095e00000, 0x0000000095f00000, 0x0000000095f00000|100%| E|CS|TAMS 0x0000000095e00000, 0x0000000095e00000| Complete 
| 351|0x0000000095f00000, 0x0000000096000000, 0x0000000096000000|100%| E|CS|TAMS 0x0000000095f00000, 0x0000000095f00000| Complete 
| 352|0x0000000096000000, 0x0000000096100000, 0x0000000096100000|100%| E|CS|TAMS 0x0000000096000000, 0x0000000096000000| Complete 
| 353|0x0000000096100000, 0x0000000096200000, 0x0000000096200000|100%| E|CS|TAMS 0x0000000096100000, 0x0000000096100000| Complete 
| 354|0x0000000096200000, 0x0000000096300000, 0x0000000096300000|100%| E|CS|TAMS 0x0000000096200000, 0x0000000096200000| Complete 
| 355|0x0000000096300000, 0x0000000096400000, 0x0000000096400000|100%| E|CS|TAMS 0x0000000096300000, 0x0000000096300000| Complete 
| 356|0x0000000096400000, 0x0000000096500000, 0x0000000096500000|100%| E|CS|TAMS 0x0000000096400000, 0x0000000096400000| Complete 
| 357|0x0000000096500000, 0x0000000096600000, 0x0000000096600000|100%| E|CS|TAMS 0x0000000096500000, 0x0000000096500000| Complete 
| 358|0x0000000096600000, 0x0000000096700000, 0x0000000096700000|100%| E|CS|TAMS 0x0000000096600000, 0x0000000096600000| Complete 
| 359|0x0000000096700000, 0x0000000096800000, 0x0000000096800000|100%| E|CS|TAMS 0x0000000096700000, 0x0000000096700000| Complete 
| 360|0x0000000096800000, 0x0000000096900000, 0x0000000096900000|100%| E|CS|TAMS 0x0000000096800000, 0x0000000096800000| Complete 
| 361|0x0000000096900000, 0x0000000096a00000, 0x0000000096a00000|100%| E|CS|TAMS 0x0000000096900000, 0x0000000096900000| Complete 
| 362|0x0000000096a00000, 0x0000000096b00000, 0x0000000096b00000|100%| E|CS|TAMS 0x0000000096a00000, 0x0000000096a00000| Complete 
| 363|0x0000000096b00000, 0x0000000096c00000, 0x0000000096c00000|100%| E|CS|TAMS 0x0000000096b00000, 0x0000000096b00000| Complete 
| 364|0x0000000096c00000, 0x0000000096d00000, 0x0000000096d00000|100%| E|CS|TAMS 0x0000000096c00000, 0x0000000096c00000| Complete 
| 365|0x0000000096d00000, 0x0000000096e00000, 0x0000000096e00000|100%| E|CS|TAMS 0x0000000096d00000, 0x0000000096d00000| Complete 
| 366|0x0000000096e00000, 0x0000000096f00000, 0x0000000096f00000|100%| E|CS|TAMS 0x0000000096e00000, 0x0000000096e00000| Complete 
| 367|0x0000000096f00000, 0x0000000097000000, 0x0000000097000000|100%| E|CS|TAMS 0x0000000096f00000, 0x0000000096f00000| Complete 
| 368|0x0000000097000000, 0x0000000097100000, 0x0000000097100000|100%| E|CS|TAMS 0x0000000097000000, 0x0000000097000000| Complete 
| 369|0x0000000097100000, 0x0000000097200000, 0x0000000097200000|100%| E|CS|TAMS 0x0000000097100000, 0x0000000097100000| Complete 
| 370|0x0000000097200000, 0x0000000097300000, 0x0000000097300000|100%| E|CS|TAMS 0x0000000097200000, 0x0000000097200000| Complete 
| 371|0x0000000097300000, 0x0000000097400000, 0x0000000097400000|100%| E|CS|TAMS 0x0000000097300000, 0x0000000097300000| Complete 
| 372|0x0000000097400000, 0x0000000097500000, 0x0000000097500000|100%| E|CS|TAMS 0x0000000097400000, 0x0000000097400000| Complete 
| 373|0x0000000097500000, 0x0000000097600000, 0x0000000097600000|100%| E|CS|TAMS 0x0000000097500000, 0x0000000097500000| Complete 
| 374|0x0000000097600000, 0x0000000097700000, 0x0000000097700000|100%| E|CS|TAMS 0x0000000097600000, 0x0000000097600000| Complete 
| 375|0x0000000097700000, 0x0000000097800000, 0x0000000097800000|100%| E|CS|TAMS 0x0000000097700000, 0x0000000097700000| Complete 
| 376|0x0000000097800000, 0x0000000097900000, 0x0000000097900000|100%| E|CS|TAMS 0x0000000097800000, 0x0000000097800000| Complete 
| 377|0x0000000097900000, 0x0000000097a00000, 0x0000000097a00000|100%| E|CS|TAMS 0x0000000097900000, 0x0000000097900000| Complete 
| 378|0x0000000097a00000, 0x0000000097b00000, 0x0000000097b00000|100%| E|CS|TAMS 0x0000000097a00000, 0x0000000097a00000| Complete 
| 379|0x0000000097b00000, 0x0000000097c00000, 0x0000000097c00000|100%| E|CS|TAMS 0x0000000097b00000, 0x0000000097b00000| Complete 
| 380|0x0000000097c00000, 0x0000000097d00000, 0x0000000097d00000|100%| E|CS|TAMS 0x0000000097c00000, 0x0000000097c00000| Complete 
| 381|0x0000000097d00000, 0x0000000097e00000, 0x0000000097e00000|100%| E|CS|TAMS 0x0000000097d00000, 0x0000000097d00000| Complete 
| 382|0x0000000097e00000, 0x0000000097f00000, 0x0000000097f00000|100%| E|CS|TAMS 0x0000000097e00000, 0x0000000097e00000| Complete 
| 383|0x0000000097f00000, 0x0000000098000000, 0x0000000098000000|100%| E|CS|TAMS 0x0000000097f00000, 0x0000000097f00000| Complete 
| 384|0x0000000098000000, 0x0000000098100000, 0x0000000098100000|100%| E|CS|TAMS 0x0000000098000000, 0x0000000098000000| Complete 
| 385|0x0000000098100000, 0x0000000098200000, 0x0000000098200000|100%| E|CS|TAMS 0x0000000098100000, 0x0000000098100000| Complete 
| 386|0x0000000098200000, 0x0000000098300000, 0x0000000098300000|100%| E|CS|TAMS 0x0000000098200000, 0x0000000098200000| Complete 
| 387|0x0000000098300000, 0x0000000098400000, 0x0000000098400000|100%| E|CS|TAMS 0x0000000098300000, 0x0000000098300000| Complete 
| 388|0x0000000098400000, 0x0000000098500000, 0x0000000098500000|100%| E|CS|TAMS 0x0000000098400000, 0x0000000098400000| Complete 
| 389|0x0000000098500000, 0x0000000098600000, 0x0000000098600000|100%| E|CS|TAMS 0x0000000098500000, 0x0000000098500000| Complete 
| 390|0x0000000098600000, 0x0000000098700000, 0x0000000098700000|100%| E|CS|TAMS 0x0000000098600000, 0x0000000098600000| Complete 
| 391|0x0000000098700000, 0x0000000098800000, 0x0000000098800000|100%| E|CS|TAMS 0x0000000098700000, 0x0000000098700000| Complete 
| 392|0x0000000098800000, 0x0000000098900000, 0x0000000098900000|100%| E|CS|TAMS 0x0000000098800000, 0x0000000098800000| Complete 
| 393|0x0000000098900000, 0x0000000098a00000, 0x0000000098a00000|100%| E|CS|TAMS 0x0000000098900000, 0x0000000098900000| Complete 
| 394|0x0000000098a00000, 0x0000000098b00000, 0x0000000098b00000|100%| E|CS|TAMS 0x0000000098a00000, 0x0000000098a00000| Complete 
| 395|0x0000000098b00000, 0x0000000098c00000, 0x0000000098c00000|100%| E|CS|TAMS 0x0000000098b00000, 0x0000000098b00000| Complete 
| 396|0x0000000098c00000, 0x0000000098d00000, 0x0000000098d00000|100%| E|CS|TAMS 0x0000000098c00000, 0x0000000098c00000| Complete 
| 397|0x0000000098d00000, 0x0000000098e00000, 0x0000000098e00000|100%| E|CS|TAMS 0x0000000098d00000, 0x0000000098d00000| Complete 
| 398|0x0000000098e00000, 0x0000000098f00000, 0x0000000098f00000|100%| E|CS|TAMS 0x0000000098e00000, 0x0000000098e00000| Complete 
| 399|0x0000000098f00000, 0x0000000099000000, 0x0000000099000000|100%| E|CS|TAMS 0x0000000098f00000, 0x0000000098f00000| Complete 
| 400|0x0000000099000000, 0x0000000099100000, 0x0000000099100000|100%| E|CS|TAMS 0x0000000099000000, 0x0000000099000000| Complete 
| 401|0x0000000099100000, 0x0000000099200000, 0x0000000099200000|100%| E|CS|TAMS 0x0000000099100000, 0x0000000099100000| Complete 
| 402|0x0000000099200000, 0x0000000099300000, 0x0000000099300000|100%| E|CS|TAMS 0x0000000099200000, 0x0000000099200000| Complete 
| 403|0x0000000099300000, 0x0000000099400000, 0x0000000099400000|100%| E|CS|TAMS 0x0000000099300000, 0x0000000099300000| Complete 
| 404|0x0000000099400000, 0x0000000099500000, 0x0000000099500000|100%| E|CS|TAMS 0x0000000099400000, 0x0000000099400000| Complete 
| 405|0x0000000099500000, 0x0000000099600000, 0x0000000099600000|100%| E|CS|TAMS 0x0000000099500000, 0x0000000099500000| Complete 
| 406|0x0000000099600000, 0x0000000099700000, 0x0000000099700000|100%| E|CS|TAMS 0x0000000099600000, 0x0000000099600000| Complete 
| 407|0x0000000099700000, 0x0000000099800000, 0x0000000099800000|100%| E|CS|TAMS 0x0000000099700000, 0x0000000099700000| Complete 
| 408|0x0000000099800000, 0x0000000099900000, 0x0000000099900000|100%| E|CS|TAMS 0x0000000099800000, 0x0000000099800000| Complete 
| 409|0x0000000099900000, 0x0000000099a00000, 0x0000000099a00000|100%| E|CS|TAMS 0x0000000099900000, 0x0000000099900000| Complete 
| 410|0x0000000099a00000, 0x0000000099b00000, 0x0000000099b00000|100%| E|CS|TAMS 0x0000000099a00000, 0x0000000099a00000| Complete 
| 411|0x0000000099b00000, 0x0000000099c00000, 0x0000000099c00000|100%| E|CS|TAMS 0x0000000099b00000, 0x0000000099b00000| Complete 
| 412|0x0000000099c00000, 0x0000000099d00000, 0x0000000099d00000|100%| E|CS|TAMS 0x0000000099c00000, 0x0000000099c00000| Complete 
| 413|0x0000000099d00000, 0x0000000099e00000, 0x0000000099e00000|100%| E|CS|TAMS 0x0000000099d00000, 0x0000000099d00000| Complete 
| 414|0x0000000099e00000, 0x0000000099f00000, 0x0000000099f00000|100%| E|CS|TAMS 0x0000000099e00000, 0x0000000099e00000| Complete 
| 415|0x0000000099f00000, 0x000000009a000000, 0x000000009a000000|100%| E|CS|TAMS 0x0000000099f00000, 0x0000000099f00000| Complete 
| 416|0x000000009a000000, 0x000000009a100000, 0x000000009a100000|100%| E|CS|TAMS 0x000000009a000000, 0x000000009a000000| Complete 
| 417|0x000000009a100000, 0x000000009a200000, 0x000000009a200000|100%| E|CS|TAMS 0x000000009a100000, 0x000000009a100000| Complete 

Card table byte_map: [0x000002c9bea30000,0x000002c9bee30000] _byte_map_base: 0x000002c9be630000

Marking Bits (Prev, Next): (CMBitMap*) 0x000002c9ab6024e0, (CMBitMap*) 0x000002c9ab6024a8
 Prev Bits: [0x000002c9c1230000, 0x000002c9c3230000)
 Next Bits: [0x000002c9bf230000, 0x000002c9c1230000)

Polling page: 0x000002c9a95b0000

Metaspace:

Usage:
  Non-class:    115.88 MB capacity,   113.15 MB ( 98%) used,     2.26 MB (  2%) free+waste,   482.19 KB ( <1%) overhead. 
      Class:     17.07 MB capacity,    15.55 MB ( 91%) used,     1.30 MB (  8%) free+waste,   218.13 KB (  1%) overhead. 
       Both:    132.95 MB capacity,   128.70 MB ( 97%) used,     3.56 MB (  3%) free+waste,   700.31 KB ( <1%) overhead. 

Virtual space:
  Non-class space:      116.00 MB reserved,     115.92 MB (>99%) committed 
      Class space:        1.00 GB reserved,      17.13 MB (  2%) committed 
             Both:        1.11 GB reserved,     133.04 MB ( 12%) committed 

Chunk freelists:
   Non-Class:  39.00 KB
       Class:  0 bytes
        Both:  39.00 KB

MaxMetaspaceSize: 17179869184.00 GB
CompressedClassSpaceSize: 1.00 GB
Initial GC threshold: 20.80 MB
Current GC threshold: 182.16 MB
CDS: off

CodeHeap 'non-profiled nmethods': size=120000Kb used=16835Kb max_used=16835Kb free=103165Kb
 bounds [0x000002c9b6ba0000, 0x000002c9b7c20000, 0x000002c9be0d0000]
CodeHeap 'profiled nmethods': size=120000Kb used=50043Kb max_used=50043Kb free=69956Kb
 bounds [0x000002c9af670000, 0x000002c9b27b0000, 0x000002c9b6ba0000]
CodeHeap 'non-nmethods': size=5760Kb used=2453Kb max_used=2532Kb free=3306Kb
 bounds [0x000002c9af0d0000, 0x000002c9af360000, 0x000002c9af670000]
 total_blobs=24104 nmethods=23124 adapters=889
 compilation: enabled
              stopped_count=0, restarted_count=0
 full_count=0

Compilation events (20 events):
Event: 3478.829 Thread 0x000002c9c681c800 nmethod 26934 0x000002c9b0e31310 code [0x000002c9b0e31520, 0x000002c9b0e31ae8]
Event: 3478.829 Thread 0x000002c9c681c800 26935       3       com.android.build.api.component.impl.ComponentPropertiesImpl::getOutputs (18 bytes)
Event: 3478.830 Thread 0x000002c9c681c800 nmethod 26935 0x000002c9b030e410 code [0x000002c9b030e600, 0x000002c9b030ea78]
Event: 3478.830 Thread 0x000002c9c681c800 26936       3       com.android.build.api.variant.impl.VariantOutputList::<init> (16 bytes)
Event: 3478.830 Thread 0x000002c9c681c800 nmethod 26936 0x000002c9b030de90 code [0x000002c9b030e060, 0x000002c9b030e308]
Event: 3478.830 Thread 0x000002c9c681c800 26937       1       com.android.build.gradle.internal.scope.BuildFeatureValuesImpl::getViewBinding (5 bytes)
Event: 3478.830 Thread 0x000002c9c681c800 nmethod 26937 0x000002c9b7c0fa10 code [0x000002c9b7c0fbc0, 0x000002c9b7c0fc78]
Event: 3478.832 Thread 0x000002c9c681c800 26938       1       com.android.build.gradle.internal.dsl.Splits::getLanguage (5 bytes)
Event: 3478.832 Thread 0x000002c9c681c800 nmethod 26938 0x000002c9b7c0fd10 code [0x000002c9b7c0fec0, 0x000002c9b7c0ff78]
Event: 3478.832 Thread 0x000002c9c681c800 26939       1       com.android.build.gradle.internal.dsl.LanguageSplitOptions::isEnable (5 bytes)
Event: 3478.833 Thread 0x000002c9c681c800 nmethod 26939 0x000002c9b7c10010 code [0x000002c9b7c101c0, 0x000002c9b7c10278]
Event: 3478.833 Thread 0x000002c9c681c800 26940       3       com.google.common.cache.LocalCache::customWeigher (16 bytes)
Event: 3478.833 Thread 0x000002c9c681c800 nmethod 26940 0x000002c9b0e41610 code [0x000002c9b0e417c0, 0x000002c9b0e41938]
Event: 3478.833 Thread 0x000002c9c681c800 26941       3       com.google.common.cache.LocalCache::createSegment (13 bytes)
Event: 3478.833 Thread 0x000002c9c681c800 nmethod 26941 0x000002c9b1512010 code [0x000002c9b15121c0, 0x000002c9b1512388]
Event: 3478.849 Thread 0x000002c9c681c800 26943       3       org.gradle.internal.snapshot.impl.BooleanValueSnapshot::isolate (5 bytes)
Event: 3478.849 Thread 0x000002c9c681c800 nmethod 26943 0x000002c9b1292b10 code [0x000002c9b1292cc0, 0x000002c9b1292e98]
Event: 3478.855 Thread 0x000002c9c681c800 26944       3       kotlin.io.FilesKt__FilePathComponentsKt::getRootLength$FilesKt__FilePathComponentsKt (137 bytes)
Event: 3478.858 Thread 0x000002c9c681c800 nmethod 26944 0x000002c9b171d890 code [0x000002c9b171dbc0, 0x000002c9b171ee98]
Event: 3478.870 Thread 0x000002c9c681c800 26946       3       com.sun.xml.bind.v2.runtime.unmarshaller.StructureLoader::childElement (198 bytes)

GC Heap History (20 events):
Event: 294.604 GC heap before
{Heap before GC invocations=86 (full 0):
 garbage-first heap   total 428032K, used 362584K [0x0000000080000000, 0x0000000100000000)
  region size 1024K, 143 young (146432K), 9 survivors (9216K)
 Metaspace       used 128519K, capacity 132398K, committed 132524K, reserved 1165312K
  class space    used 15733K, capacity 17136K, committed 17152K, reserved 1048576K
}
Event: 294.619 GC heap after
{Heap after GC invocations=87 (full 0):
 garbage-first heap   total 428032K, used 219548K [0x0000000080000000, 0x0000000100000000)
  region size 1024K, 11 young (11264K), 11 survivors (11264K)
 Metaspace       used 128519K, capacity 132398K, committed 132524K, reserved 1165312K
  class space    used 15733K, capacity 17136K, committed 17152K, reserved 1048576K
}
Event: 416.017 GC heap before
{Heap before GC invocations=87 (full 0):
 garbage-first heap   total 428032K, used 361884K [0x0000000080000000, 0x0000000100000000)
  region size 1024K, 144 young (147456K), 11 survivors (11264K)
 Metaspace       used 129168K, capacity 133059K, committed 133420K, reserved 1165312K
  class space    used 15752K, capacity 17165K, committed 17280K, reserved 1048576K
}
Event: 416.097 GC heap after
{Heap after GC invocations=88 (full 0):
 garbage-first heap   total 428032K, used 215313K [0x0000000080000000, 0x0000000100000000)
  region size 1024K, 6 young (6144K), 6 survivors (6144K)
 Metaspace       used 129168K, capacity 133059K, committed 133420K, reserved 1165312K
  class space    used 15752K, capacity 17165K, committed 17280K, reserved 1048576K
}
Event: 440.103 GC heap before
{Heap before GC invocations=88 (full 0):
 garbage-first heap   total 428032K, used 366865K [0x0000000080000000, 0x0000000100000000)
  region size 1024K, 146 young (149504K), 6 survivors (6144K)
 Metaspace       used 129539K, capacity 133498K, committed 133676K, reserved 1165312K
  class space    used 15770K, capacity 17198K, committed 17280K, reserved 1048576K
}
Event: 440.111 GC heap after
{Heap after GC invocations=89 (full 0):
 garbage-first heap   total 428032K, used 212934K [0x0000000080000000, 0x0000000100000000)
  region size 1024K, 4 young (4096K), 4 survivors (4096K)
 Metaspace       used 129539K, capacity 133498K, committed 133676K, reserved 1165312K
  class space    used 15770K, capacity 17198K, committed 17280K, reserved 1048576K
}
Event: 441.354 GC heap before
{Heap before GC invocations=89 (full 0):
 garbage-first heap   total 428032K, used 368582K [0x0000000080000000, 0x0000000100000000)
  region size 1024K, 148 young (151552K), 4 survivors (4096K)
 Metaspace       used 129881K, capacity 133849K, committed 133932K, reserved 1165312K
  class space    used 15791K, capacity 17236K, committed 17280K, reserved 1048576K
}
Event: 441.365 GC heap after
{Heap after GC invocations=90 (full 0):
 garbage-first heap   total 428032K, used 217650K [0x0000000080000000, 0x0000000100000000)
  region size 1024K, 8 young (8192K), 8 survivors (8192K)
 Metaspace       used 129881K, capacity 133849K, committed 133932K, reserved 1165312K
  class space    used 15791K, capacity 17236K, committed 17280K, reserved 1048576K
}
Event: 508.433 GC heap before
{Heap before GC invocations=90 (full 0):
 garbage-first heap   total 428032K, used 370226K [0x0000000080000000, 0x0000000100000000)
  region size 1024K, 149 young (152576K), 8 survivors (8192K)
 Metaspace       used 130339K, capacity 134554K, committed 134828K, reserved 1167360K
  class space    used 15833K, capacity 17312K, committed 17408K, reserved 1048576K
}
Event: 508.457 GC heap after
{Heap after GC invocations=91 (full 0):
 garbage-first heap   total 428032K, used 215127K [0x0000000080000000, 0x0000000100000000)
  region size 1024K, 8 young (8192K), 8 survivors (8192K)
 Metaspace       used 130339K, capacity 134554K, committed 134828K, reserved 1167360K
  class space    used 15833K, capacity 17312K, committed 17408K, reserved 1048576K
}
Event: 2625.037 GC heap before
{Heap before GC invocations=91 (full 0):
 garbage-first heap   total 428032K, used 365655K [0x0000000080000000, 0x0000000100000000)
  region size 1024K, 150 young (153600K), 8 survivors (8192K)
 Metaspace       used 130933K, capacity 135167K, committed 135468K, reserved 1167360K
  class space    used 15917K, capacity 17468K, committed 17536K, reserved 1048576K
}
Event: 2625.162 GC heap after
{Heap after GC invocations=92 (full 0):
 garbage-first heap   total 428032K, used 210627K [0x0000000080000000, 0x0000000100000000)
  region size 1024K, 3 young (3072K), 3 survivors (3072K)
 Metaspace       used 130933K, capacity 135167K, committed 135468K, reserved 1167360K
  class space    used 15917K, capacity 17468K, committed 17536K, reserved 1048576K
}
Event: 3019.629 GC heap before
{Heap before GC invocations=92 (full 0):
 garbage-first heap   total 428032K, used 380611K [0x0000000080000000, 0x0000000100000000)
  region size 1024K, 155 young (158720K), 3 survivors (3072K)
 Metaspace       used 131051K, capacity 135389K, committed 135468K, reserved 1167360K
  class space    used 15921K, capacity 17473K, committed 17536K, reserved 1048576K
}
Event: 3019.743 GC heap after
{Heap after GC invocations=93 (full 0):
 garbage-first heap   total 428032K, used 209636K [0x0000000080000000, 0x0000000100000000)
  region size 1024K, 2 young (2048K), 2 survivors (2048K)
 Metaspace       used 131051K, capacity 135389K, committed 135468K, reserved 1167360K
  class space    used 15921K, capacity 17473K, committed 17536K, reserved 1048576K
}
Event: 3225.609 GC heap before
{Heap before GC invocations=93 (full 0):
 garbage-first heap   total 428032K, used 375524K [0x0000000080000000, 0x0000000100000000)
  region size 1024K, 154 young (157696K), 2 survivors (2048K)
 Metaspace       used 131168K, capacity 135397K, committed 135468K, reserved 1167360K
  class space    used 15922K, capacity 17474K, committed 17536K, reserved 1048576K
}
Event: 3225.635 GC heap after
{Heap after GC invocations=94 (full 0):
 garbage-first heap   total 428032K, used 220053K [0x0000000080000000, 0x0000000100000000)
  region size 1024K, 11 young (11264K), 11 survivors (11264K)
 Metaspace       used 131168K, capacity 135397K, committed 135468K, reserved 1167360K
  class space    used 15922K, capacity 17474K, committed 17536K, reserved 1048576K
}
Event: 3423.334 GC heap before
{Heap before GC invocations=94 (full 0):
 garbage-first heap   total 428032K, used 380821K [0x0000000080000000, 0x0000000100000000)
  region size 1024K, 153 young (156672K), 11 survivors (11264K)
 Metaspace       used 131423K, capacity 135795K, committed 135980K, reserved 1167360K
  class space    used 15924K, capacity 17475K, committed 17536K, reserved 1048576K
}
Event: 3423.355 GC heap after
{Heap after GC invocations=95 (full 0):
 garbage-first heap   total 428032K, used 216835K [0x0000000080000000, 0x0000000100000000)
  region size 1024K, 7 young (7168K), 7 survivors (7168K)
 Metaspace       used 131423K, capacity 135795K, committed 135980K, reserved 1167360K
  class space    used 15924K, capacity 17475K, committed 17536K, reserved 1048576K
}
Event: 3426.532 GC heap before
{Heap before GC invocations=95 (full 0):
 garbage-first heap   total 428032K, used 369411K [0x0000000080000000, 0x0000000100000000)
  region size 1024K, 153 young (156672K), 7 survivors (7168K)
 Metaspace       used 131697K, capacity 136000K, committed 136236K, reserved 1167360K
  class space    used 15926K, capacity 17477K, committed 17536K, reserved 1048576K
}
Event: 3426.553 GC heap after
{Heap after GC invocations=96 (full 0):
 garbage-first heap   total 428032K, used 218817K [0x0000000080000000, 0x0000000100000000)
  region size 1024K, 9 young (9216K), 9 survivors (9216K)
 Metaspace       used 131697K, capacity 136000K, committed 136236K, reserved 1167360K
  class space    used 15926K, capacity 17477K, committed 17536K, reserved 1048576K
}

Deoptimization events (20 events):
Event: 3426.827 Thread 0x000002c9d1382000 Uncommon trap: trap_request=0xffffff76 fr.pc=0x000002c9b7bd7058 relative=0x0000000000006678
Event: 3426.827 Thread 0x000002c9d1382000 Uncommon trap: reason=loop_limit_check action=maybe_recompile pc=0x000002c9b7bd7058 method=com.android.tools.r8.t.a.a.a.f.r.get(I)I @ 15 c2
Event: 3426.827 Thread 0x000002c9d1382000 DEOPT PACKING pc=0x000002c9b7bd7058 sp=0x000000d2d07feae0
Event: 3426.827 Thread 0x000002c9d1382000 DEOPT UNPACKING pc=0x000002c9af11a1af sp=0x000000d2d07fea48 mode 2
Event: 3426.866 Thread 0x000002c9c8eb5000 Uncommon trap: trap_request=0xffffff4d fr.pc=0x000002c9b7508c64 relative=0x0000000000002064
Event: 3426.867 Thread 0x000002c9c8eb5000 Uncommon trap: reason=unstable_if action=reinterpret pc=0x000002c9b7508c64 method=java.util.TimSort.countRunAndMakeAscending([Ljava/lang/Object;IILjava/util/Comparator;)I @ 27 c2
Event: 3426.867 Thread 0x000002c9c8eb5000 DEOPT PACKING pc=0x000002c9b7508c64 sp=0x000000d2d12fe930
Event: 3426.867 Thread 0x000002c9c8eb5000 DEOPT UNPACKING pc=0x000002c9af11a1af sp=0x000000d2d12fe7f0 mode 2
Event: 3426.877 Thread 0x000002c9c8eb5000 DEOPT PACKING pc=0x000002c9b155c65f sp=0x000000d2d12fe930
Event: 3426.877 Thread 0x000002c9c8eb5000 DEOPT UNPACKING pc=0x000002c9af11a95e sp=0x000000d2d12fde98 mode 0
Event: 3426.884 Thread 0x000002c9c8eb5000 DEOPT PACKING pc=0x000002c9b028675b sp=0x000000d2d12fe580
Event: 3426.884 Thread 0x000002c9c8eb5000 DEOPT UNPACKING pc=0x000002c9af11a95e sp=0x000000d2d12fda60 mode 0
Event: 3426.885 Thread 0x000002c9c8eb5000 DEOPT PACKING pc=0x000002c9b028675b sp=0x000000d2d12fe580
Event: 3426.885 Thread 0x000002c9c8eb5000 DEOPT UNPACKING pc=0x000002c9af11a95e sp=0x000000d2d12fda60 mode 0
Event: 3426.888 Thread 0x000002c9c8eb5000 DEOPT PACKING pc=0x000002c9b1656505 sp=0x000000d2d12fea00
Event: 3426.888 Thread 0x000002c9c8eb5000 DEOPT UNPACKING pc=0x000002c9af11a95e sp=0x000000d2d12fde98 mode 0
Event: 3427.020 Thread 0x000002c9d2705000 Uncommon trap: trap_request=0xffffffc6 fr.pc=0x000002c9b7746768 relative=0x00000000000007e8
Event: 3427.020 Thread 0x000002c9d2705000 Uncommon trap: reason=bimorphic_or_optimized_type_check action=maybe_recompile pc=0x000002c9b7746768 method=java.util.HashMap.removeNode(ILjava/lang/Object;Ljava/lang/Object;ZZ)Ljava/util/HashMap$Node; @ 143 c2
Event: 3427.020 Thread 0x000002c9d2705000 DEOPT PACKING pc=0x000002c9b7746768 sp=0x000000d2c5bfc8c0
Event: 3427.020 Thread 0x000002c9d2705000 DEOPT UNPACKING pc=0x000002c9af11a1af sp=0x000000d2c5bfc858 mode 2

Classes redefined (0 events):
No events

Internal exceptions (20 events):
Event: 3426.705 Thread 0x000002c9d1379800 Exception <a 'sun/nio/fs/WindowsException'{0x00000000967f7010}> (0x00000000967f7010) thrown at [./src/hotspot/share/prims/jni.cpp, line 616]
Event: 3426.709 Thread 0x000002c9d1379800 Exception <a 'sun/nio/fs/WindowsException'{0x00000000966cc088}> (0x00000000966cc088) thrown at [./src/hotspot/share/prims/jni.cpp, line 616]
Event: 3426.711 Thread 0x000002c9d1379800 Exception <a 'sun/nio/fs/WindowsException'{0x00000000965ba138}> (0x00000000965ba138) thrown at [./src/hotspot/share/prims/jni.cpp, line 616]
Event: 3426.714 Thread 0x000002c9d1379800 Exception <a 'sun/nio/fs/WindowsException'{0x00000000964955b8}> (0x00000000964955b8) thrown at [./src/hotspot/share/prims/jni.cpp, line 616]
Event: 3426.716 Thread 0x000002c9d1379800 Exception <a 'sun/nio/fs/WindowsException'{0x00000000964f8ca0}> (0x00000000964f8ca0) thrown at [./src/hotspot/share/prims/jni.cpp, line 616]
Event: 3426.718 Thread 0x000002c9d1379800 Exception <a 'sun/nio/fs/WindowsException'{0x000000009635c828}> (0x000000009635c828) thrown at [./src/hotspot/share/prims/jni.cpp, line 616]
Event: 3426.721 Thread 0x000002c9d1379800 Exception <a 'sun/nio/fs/WindowsException'{0x00000000963ebb80}> (0x00000000963ebb80) thrown at [./src/hotspot/share/prims/jni.cpp, line 616]
Event: 3426.722 Thread 0x000002c9d1379800 Exception <a 'sun/nio/fs/WindowsException'{0x000000009625c228}> (0x000000009625c228) thrown at [./src/hotspot/share/prims/jni.cpp, line 616]
Event: 3426.723 Thread 0x000002c9d1381000 Exception <a 'sun/nio/fs/WindowsException'{0x00000000962ace10}> (0x00000000962ace10) thrown at [./src/hotspot/share/prims/jni.cpp, line 616]
Event: 3426.724 Thread 0x000002c9d1379800 Exception <a 'sun/nio/fs/WindowsException'{0x00000000962fd468}> (0x00000000962fd468) thrown at [./src/hotspot/share/prims/jni.cpp, line 616]
Event: 3426.724 Thread 0x000002c9d1381000 Exception <a 'sun/nio/fs/WindowsException'{0x000000009615d628}> (0x000000009615d628) thrown at [./src/hotspot/share/prims/jni.cpp, line 616]
Event: 3426.725 Thread 0x000002c9d1379800 Exception <a 'sun/nio/fs/WindowsException'{0x00000000961f4ca8}> (0x00000000961f4ca8) thrown at [./src/hotspot/share/prims/jni.cpp, line 616]
Event: 3426.725 Thread 0x000002c9d1381000 Exception <a 'sun/nio/fs/WindowsException'{0x0000000096005ed0}> (0x0000000096005ed0) thrown at [./src/hotspot/share/prims/jni.cpp, line 616]
Event: 3426.731 Thread 0x000002c9d1381000 Exception <a 'sun/nio/fs/WindowsException'{0x0000000095f99508}> (0x0000000095f99508) thrown at [./src/hotspot/share/prims/jni.cpp, line 616]
Event: 3426.733 Thread 0x000002c9d1381000 Exception <a 'sun/nio/fs/WindowsException'{0x0000000095e52ea0}> (0x0000000095e52ea0) thrown at [./src/hotspot/share/prims/jni.cpp, line 616]
Event: 3426.734 Thread 0x000002c9d1381000 Exception <a 'sun/nio/fs/WindowsException'{0x0000000095eaff60}> (0x0000000095eaff60) thrown at [./src/hotspot/share/prims/jni.cpp, line 616]
Event: 3426.811 Thread 0x000002c9d1384800 Exception <a 'sun/nio/fs/WindowsException'{0x000000009574ec50}> (0x000000009574ec50) thrown at [./src/hotspot/share/prims/jni.cpp, line 616]
Event: 3426.890 Thread 0x000002c9c8eb5000 Exception <a 'sun/nio/fs/WindowsException'{0x000000009456cb70}> (0x000000009456cb70) thrown at [./src/hotspot/share/prims/jni.cpp, line 616]
Event: 3478.732 Thread 0x000002c9d2705000 Exception <a 'sun/nio/fs/WindowsException'{0x0000000092f93a40}> (0x0000000092f93a40) thrown at [./src/hotspot/share/prims/jni.cpp, line 616]
Event: 3478.851 Thread 0x000002c9d2705000 Exception <a 'sun/nio/fs/WindowsException'{0x0000000092cfc5e0}> (0x0000000092cfc5e0) thrown at [./src/hotspot/share/prims/jni.cpp, line 616]

Events (20 events):
Event: 3477.614 Thread 0x000002c9d1386800 Thread added: 0x000002c9d1386800
Event: 3477.614 Thread 0x000002c9d1387800 Thread added: 0x000002c9d1387800
Event: 3477.615 Thread 0x000002c9d2701800 Thread added: 0x000002c9d2701800
Event: 3477.615 Thread 0x000002c9d2702800 Thread added: 0x000002c9d2702800
Event: 3477.615 Thread 0x000002c9d2707800 Thread added: 0x000002c9d2707800
Event: 3477.615 Thread 0x000002c9d2708000 Thread added: 0x000002c9d2708000
Event: 3477.615 Thread 0x000002c9d2709800 Thread added: 0x000002c9d2709800
Event: 3477.616 Thread 0x000002c9d2705800 Thread added: 0x000002c9d2705800
Event: 3477.616 Thread 0x000002c9d2709000 Thread added: 0x000002c9d2709000
Event: 3477.616 Executing VM operation: RevokeBias
Event: 3478.638 Executing coalesced safepoint VM operation: RevokeBias
Event: 3478.638 Executing coalesced safepoint VM operation: RevokeBias done
Event: 3478.638 Executing coalesced safepoint VM operation: RevokeBias
Event: 3478.638 Executing coalesced safepoint VM operation: RevokeBias done
Event: 3478.638 Executing VM operation: RevokeBias done
Event: 3478.639 Executing VM operation: RevokeBias
Event: 3478.640 Executing VM operation: RevokeBias done
Event: 3478.721 Thread 0x000002c9d2706800 Thread added: 0x000002c9d2706800
Event: 3478.734 Thread 0x000002c9d2704000 Thread added: 0x000002c9d2704000
Event: 3478.845 Thread 0x000002c9d270a800 Thread added: 0x000002c9d270a800


Dynamic libraries:
0x00007ff6f8650000 - 0x00007ff6f865a000 	C:\Program Files\Android\Android Studio\jre\bin\java.exe
0x00007ffaf8fb0000 - 0x00007ffaf91c5000 	C:\WINDOWS\SYSTEM32\ntdll.dll
0x00007ffaf8120000 - 0x00007ffaf81e5000 	C:\WINDOWS\System32\KERNEL32.DLL
0x00007ffaf6530000 - 0x00007ffaf68cd000 	C:\WINDOWS\System32\KERNELBASE.dll
0x00007ffaf6b70000 - 0x00007ffaf6c85000 	C:\WINDOWS\System32\ucrtbase.dll
0x00007ffaf1420000 - 0x00007ffaf1439000 	C:\Program Files\Android\Android Studio\jre\bin\jli.dll
0x00007ffaef6d0000 - 0x00007ffaef6e7000 	C:\Program Files\Android\Android Studio\jre\bin\VCRUNTIME140.dll
0x00007ffaf8270000 - 0x00007ffaf8420000 	C:\WINDOWS\System32\USER32.dll
0x00007ffadcea0000 - 0x00007ffadd132000 	C:\WINDOWS\WinSxS\amd64_microsoft.windows.common-controls_6595b64144ccf1df_6.0.25267.1000_none_7aa5b59bf34adbaf\COMCTL32.dll
0x00007ffaf6d20000 - 0x00007ffaf6d46000 	C:\WINDOWS\System32\win32u.dll
0x00007ffaf8a90000 - 0x00007ffaf8b37000 	C:\WINDOWS\System32\msvcrt.dll
0x00007ffaf7ab0000 - 0x00007ffaf7ad8000 	C:\WINDOWS\System32\GDI32.dll
0x00007ffaf68d0000 - 0x00007ffaf69e9000 	C:\WINDOWS\System32\gdi32full.dll
0x00007ffaf6350000 - 0x00007ffaf63e9000 	C:\WINDOWS\System32\msvcp_win.dll
0x00007ffaf7190000 - 0x00007ffaf71c0000 	C:\WINDOWS\System32\IMM32.DLL
0x00007ffabf4d0000 - 0x00007ffabf56d000 	C:\Program Files\Android\Android Studio\jre\bin\msvcp140.dll
0x00007ffab90f0000 - 0x00007ffab9bf2000 	C:\Program Files\Android\Android Studio\jre\bin\server\jvm.dll
0x00007ffaf8070000 - 0x00007ffaf811e000 	C:\WINDOWS\System32\ADVAPI32.dll
0x00007ffaf7ae0000 - 0x00007ffaf7b86000 	C:\WINDOWS\System32\sechost.dll
0x00007ffaf8e40000 - 0x00007ffaf8f69000 	C:\WINDOWS\System32\RPCRT4.dll
0x00007ffaf8b40000 - 0x00007ffaf8b48000 	C:\WINDOWS\System32\PSAPI.DLL
0x00007ffad0e70000 - 0x00007ffad0e79000 	C:\WINDOWS\SYSTEM32\WSOCK32.dll
0x00007ffaef550000 - 0x00007ffaef585000 	C:\WINDOWS\SYSTEM32\WINMM.dll
0x00007ffaef3b0000 - 0x00007ffaef3ba000 	C:\WINDOWS\SYSTEM32\VERSION.dll
0x00007ffaf7040000 - 0x00007ffaf70af000 	C:\WINDOWS\System32\WS2_32.dll
0x00007ffaf5320000 - 0x00007ffaf5338000 	C:\WINDOWS\SYSTEM32\kernel.appcore.dll
0x00007ffaecb80000 - 0x00007ffaecb91000 	C:\Program Files\Android\Android Studio\jre\bin\verify.dll
0x00007ffaf4070000 - 0x00007ffaf42a2000 	C:\WINDOWS\SYSTEM32\DBGHELP.DLL
0x00007ffaf7cd0000 - 0x00007ffaf8054000 	C:\WINDOWS\System32\combase.dll
0x00007ffaf71d0000 - 0x00007ffaf72a8000 	C:\WINDOWS\System32\OLEAUT32.dll
0x00007ffae5520000 - 0x00007ffae5552000 	C:\WINDOWS\SYSTEM32\dbgcore.DLL
0x00007ffaf6c90000 - 0x00007ffaf6d14000 	C:\WINDOWS\System32\bcryptPrimitives.dll
0x00007ffaecb50000 - 0x00007ffaecb79000 	C:\Program Files\Android\Android Studio\jre\bin\java.dll
0x00007ffaefb00000 - 0x00007ffaefb0b000 	C:\Program Files\Android\Android Studio\jre\bin\jimage.dll
0x00007ffaecb30000 - 0x00007ffaecb48000 	C:\Program Files\Android\Android Studio\jre\bin\zip.dll
0x00007ffaf72b0000 - 0x00007ffaf7aaa000 	C:\WINDOWS\System32\SHELL32.dll
0x00007ffaf42f0000 - 0x00007ffaf4b76000 	C:\WINDOWS\SYSTEM32\windows.storage.dll
0x00007ffaf8980000 - 0x00007ffaf8a67000 	C:\WINDOWS\System32\SHCORE.dll
0x00007ffaf8910000 - 0x00007ffaf896e000 	C:\WINDOWS\System32\shlwapi.dll
0x00007ffaf6270000 - 0x00007ffaf6291000 	C:\WINDOWS\SYSTEM32\profapi.dll
0x00007ffaecb10000 - 0x00007ffaecb2a000 	C:\Program Files\Android\Android Studio\jre\bin\net.dll
0x00007ffaeecd0000 - 0x00007ffaeedfd000 	C:\WINDOWS\SYSTEM32\WINHTTP.dll
0x00007ffaf5790000 - 0x00007ffaf57f9000 	C:\WINDOWS\system32\mswsock.dll
0x00007ffaecaf0000 - 0x00007ffaecb04000 	C:\Program Files\Android\Android Studio\jre\bin\nio.dll
0x00007ffaef6f0000 - 0x00007ffaef717000 	C:\Users\LENOVO\.gradle\native\f6784746aeab05261644944871eae4fe03e0ef1612fff0a4a95f87b438bc6780\windows-amd64\native-platform.dll
0x00007ffaef720000 - 0x00007ffaef72a000 	C:\Program Files\Android\Android Studio\jre\bin\management.dll
0x00007ffaef670000 - 0x00007ffaef67d000 	C:\Program Files\Android\Android Studio\jre\bin\management_ext.dll
0x00007ffaf5a30000 - 0x00007ffaf5a4b000 	C:\WINDOWS\SYSTEM32\CRYPTSP.dll
0x00007ffaf5280000 - 0x00007ffaf52b4000 	C:\WINDOWS\system32\rsaenh.dll
0x00007ffaf5890000 - 0x00007ffaf58b8000 	C:\WINDOWS\SYSTEM32\USERENV.dll
0x00007ffaf5c50000 - 0x00007ffaf5c78000 	C:\WINDOWS\SYSTEM32\bcrypt.dll
0x00007ffaf5a20000 - 0x00007ffaf5a2c000 	C:\WINDOWS\SYSTEM32\CRYPTBASE.dll
0x00007ffaf4e20000 - 0x00007ffaf4e4e000 	C:\WINDOWS\SYSTEM32\IPHLPAPI.DLL
0x00007ffaf7180000 - 0x00007ffaf7189000 	C:\WINDOWS\System32\NSI.dll
0x00007ffaeecb0000 - 0x00007ffaeecc9000 	C:\WINDOWS\SYSTEM32\dhcpcsvc6.DLL
0x00007ffaeea90000 - 0x00007ffaeeaaf000 	C:\WINDOWS\SYSTEM32\dhcpcsvc.DLL
0x00007ffaf4eb0000 - 0x00007ffaf4fb0000 	C:\WINDOWS\SYSTEM32\DNSAPI.dll
0x00007ffaf3400000 - 0x00007ffaf340d000 	C:\WINDOWS\SYSTEM32\WINNSI.DLL
0x00007ffaec6a0000 - 0x00007ffaec6c7000 	C:\Program Files\Android\Android Studio\jre\bin\sunec.dll

dbghelp: loaded successfully - version: 4.0.5 - missing functions: none
symbol engine: initialized successfully - sym options: 0x614 - pdb path: .;C:\Program Files\Android\Android Studio\jre\bin;C:\WINDOWS\SYSTEM32;C:\WINDOWS\WinSxS\amd64_microsoft.windows.common-controls_6595b64144ccf1df_6.0.25267.1000_none_7aa5b59bf34adbaf;C:\Program Files\Android\Android Studio\jre\bin\server;C:\Users\LENOVO\.gradle\native\f6784746aeab05261644944871eae4fe03e0ef1612fff0a4a95f87b438bc6780\windows-amd64

VM Arguments:
jvm_args: --add-opens=java.base/java.util=ALL-UNNAMED --add-opens=java.base/java.lang=ALL-UNNAMED --add-opens=java.base/java.lang.invoke=ALL-UNNAMED --add-opens=java.prefs/java.util.prefs=ALL-UNNAMED -Xmx2048m -Dfile.encoding=UTF-8 -Duser.country=US -Duser.language=en -Duser.variant 
java_command: org.gradle.launcher.daemon.bootstrap.GradleDaemon 6.5
java_class_path (initial): C:\Users\LENOVO\.gradle\wrapper\dists\gradle-6.5-bin\6nifqtx7604sqp1q6g8wikw7p\gradle-6.5\lib\gradle-launcher-6.5.jar
Launcher Type: SUN_STANDARD

[Global flags]
     intx CICompilerCount                          = 4                                         {product} {ergonomic}
     uint ConcGCThreads                            = 3                                         {product} {ergonomic}
     uint G1ConcRefinementThreads                  = 10                                        {product} {ergonomic}
   size_t G1HeapRegionSize                         = 1048576                                   {product} {ergonomic}
    uintx GCDrainStackTargetSize                   = 64                                        {product} {ergonomic}
   size_t InitialHeapSize                          = 98566144                                  {product} {ergonomic}
   size_t MarkStackSize                            = 4194304                                   {product} {ergonomic}
   size_t MaxHeapSize                              = 2147483648                                {product} {command line}
   size_t MaxNewSize                               = 1287651328                                {product} {ergonomic}
   size_t MinHeapDeltaBytes                        = 1048576                                   {product} {ergonomic}
    uintx NonNMethodCodeHeapSize                   = 5836300                                {pd product} {ergonomic}
    uintx NonProfiledCodeHeapSize                  = 122910970                              {pd product} {ergonomic}
    uintx ProfiledCodeHeapSize                     = 122910970                              {pd product} {ergonomic}
    uintx ReservedCodeCacheSize                    = 251658240                              {pd product} {ergonomic}
     bool SegmentedCodeCache                       = true                                      {product} {ergonomic}
     bool UseCompressedClassPointers               = true                                 {lp64_product} {ergonomic}
     bool UseCompressedOops                        = true                                 {lp64_product} {ergonomic}
     bool UseG1GC                                  = true                                      {product} {ergonomic}
     bool UseLargePagesIndividualAllocation        = false                                  {pd product} {ergonomic}

Logging:
Log output configuration:
 #0: stdout all=warning uptime,level,tags
 #1: stderr all=off uptime,level,tags

Environment Variables:
PATH=C:\WINDOWS\system32;C:\WINDOWS;C:\WINDOWS\System32\Wbem;C:\WINDOWS\System32\WindowsPowerShell\v1.0\;C:\WINDOWS\System32\OpenSSH\;C:\Program Files\Git\cmd;C:\xampp\php;C:\wamp64\bin\mysql\mysql5.7.36\bin;C:\Program Files\nodejs\;C:\Users\LENOVO\AppData\Local\Programs\Python\Python39\Scripts\;C:\Users\LENOVO\AppData\Local\Programs\Python\Python39\;C:\Users\LENOVO\AppData\Local\Programs\Python\Launcher\;C:\Users\LENOVO\AppData\Local\Microsoft\WindowsApps;C:\Users\LENOVO\AppData\Local\Programs\Microsoft VS Code\bin;C:\Program Files\CodeBlocks\MinGW\bin;C:\xampp\php;C:\Users\LENOVO\AppData\Roaming\npm;
USERNAME=Hilmi Hanif
OS=Windows_NT
PROCESSOR_IDENTIFIER=AMD64 Family 23 Model 104 Stepping 1, AuthenticAMD



---------------  S Y S T E M  ---------------

OS: Windows 11 , 64 bit Build 25267 (10.0.25267.1000)
OS uptime: 0 days 4:23 hours

CPU:total 12 (initial active 12) (12 cores per cpu, 2 threads per core) family 23 model 104 stepping 1 microcode 0x8608103, cmov, cx8, fxsr, mmx, sse, sse2, sse3, ssse3, sse4.1, sse4.2, popcnt, avx, avx2, aes, clmul, mmxext, 3dnowpref, lzcnt, sse4a, ht, tsc, tscinvbit, tscinv, bmi1, bmi2, adx, sha, fma

Memory: 4k page, system-wide physical 6005M (224M free)
TotalPageFile size 14197M (AvailPageFile size 0M)
current process WorkingSet (physical memory assigned to process): 309M, peak: 585M
current process commit charge ("private bytes"): 859M, peak: 893M

vm_info: OpenJDK 64-Bit Server VM (11.0.13+0-b1751.21-8125866) for windows-amd64 JRE (11.0.13+0-b1751.21-8125866), built on Feb  2 2022 03:00:22 by "builder" with MS VC++ 14.0 (VS2015)

END.
